{"/home/spriadka/FeeedHenry/raincatcher-workflow/lib/client/mediator-subscribers/begin-spec.js":{"path":"/home/spriadka/FeeedHenry/raincatcher-workflow/lib/client/mediator-subscribers/begin-spec.js","s":{"1":1,"2":1,"3":1,"4":1,"5":1,"6":1,"7":1,"8":1,"9":1,"10":1,"11":1,"12":1,"13":1,"14":1,"15":1,"16":1,"17":1,"18":1,"19":1,"20":1,"21":1,"22":1,"23":1,"24":1,"25":1,"26":1,"27":1,"28":1,"29":2,"30":2,"31":1,"32":2,"33":1,"34":1,"35":2,"36":2,"37":2,"38":2,"39":2,"40":2,"41":2,"42":1,"43":0,"44":1,"45":1,"46":1,"47":2,"48":2,"49":2,"50":2,"51":1,"52":2,"53":2,"54":1,"55":2,"56":8,"57":2,"58":1,"59":1,"60":1,"61":1,"62":1,"63":1,"64":1,"65":1,"66":1,"67":1,"68":1,"69":1,"70":1,"71":1,"72":1,"73":1,"74":1,"75":1,"76":1,"77":1},"b":{"1":[1,1],"2":[0,1]},"f":{"1":1,"2":2,"3":2,"4":2,"5":2,"6":1,"7":2,"8":2,"9":2,"10":8,"11":1,"12":1,"13":1,"14":1},"fnMap":{"1":{"name":"(anonymous_1)","line":35,"loc":{"start":{"line":35,"column":56},"end":{"line":35,"column":67}}},"2":{"name":"getMockResults","line":50,"loc":{"start":{"line":50,"column":2},"end":{"line":50,"column":41}}},"3":{"name":"createSubscribers","line":62,"loc":{"start":{"line":62,"column":2},"end":{"line":62,"column":44}}},"4":{"name":"(anonymous_4)","line":64,"loc":{"start":{"line":64,"column":78},"end":{"line":64,"column":89}}},"5":{"name":"(anonymous_5)","line":70,"loc":{"start":{"line":70,"column":82},"end":{"line":70,"column":103}}},"6":{"name":"(anonymous_6)","line":77,"loc":{"start":{"line":77,"column":80},"end":{"line":77,"column":101}}},"7":{"name":"(anonymous_7)","line":89,"loc":{"start":{"line":89,"column":80},"end":{"line":89,"column":101}}},"8":{"name":"(anonymous_8)","line":97,"loc":{"start":{"line":97,"column":13},"end":{"line":97,"column":24}}},"9":{"name":"(anonymous_9)","line":102,"loc":{"start":{"line":102,"column":12},"end":{"line":102,"column":23}}},"10":{"name":"(anonymous_10)","line":103,"loc":{"start":{"line":103,"column":29},"end":{"line":103,"column":57}}},"11":{"name":"(anonymous_11)","line":110,"loc":{"start":{"line":110,"column":51},"end":{"line":110,"column":62}}},"12":{"name":"(anonymous_12)","line":120,"loc":{"start":{"line":120,"column":33},"end":{"line":120,"column":55}}},"13":{"name":"(anonymous_13)","line":129,"loc":{"start":{"line":129,"column":57},"end":{"line":129,"column":68}}},"14":{"name":"(anonymous_14)","line":138,"loc":{"start":{"line":138,"column":33},"end":{"line":138,"column":55}}}},"statementMap":{"1":{"start":{"line":1,"column":0},"end":{"line":1,"column":55}},"2":{"start":{"line":2,"column":0},"end":{"line":2,"column":27}},"3":{"start":{"line":3,"column":0},"end":{"line":3,"column":29}},"4":{"start":{"line":4,"column":0},"end":{"line":4,"column":26}},"5":{"start":{"line":5,"column":0},"end":{"line":5,"column":43}},"6":{"start":{"line":6,"column":0},"end":{"line":6,"column":51}},"7":{"start":{"line":7,"column":0},"end":{"line":7,"column":49}},"8":{"start":{"line":9,"column":0},"end":{"line":9,"column":25}},"9":{"start":{"line":11,"column":0},"end":{"line":11,"column":65}},"10":{"start":{"line":13,"column":0},"end":{"line":13,"column":25}},"11":{"start":{"line":15,"column":0},"end":{"line":15,"column":52}},"12":{"start":{"line":16,"column":0},"end":{"line":16,"column":61}},"13":{"start":{"line":18,"column":0},"end":{"line":18,"column":42}},"14":{"start":{"line":19,"column":0},"end":{"line":19,"column":57}},"15":{"start":{"line":21,"column":0},"end":{"line":21,"column":47}},"16":{"start":{"line":22,"column":0},"end":{"line":22,"column":61}},"17":{"start":{"line":25,"column":0},"end":{"line":25,"column":50}},"18":{"start":{"line":26,"column":0},"end":{"line":26,"column":59}},"19":{"start":{"line":28,"column":0},"end":{"line":28,"column":45}},"20":{"start":{"line":29,"column":0},"end":{"line":29,"column":59}},"21":{"start":{"line":31,"column":0},"end":{"line":31,"column":65}},"22":{"start":{"line":32,"column":0},"end":{"line":32,"column":94}},"23":{"start":{"line":35,"column":0},"end":{"line":147,"column":3}},"24":{"start":{"line":37,"column":2},"end":{"line":37,"column":45}},"25":{"start":{"line":39,"column":2},"end":{"line":39,"column":47}},"26":{"start":{"line":41,"column":2},"end":{"line":41,"column":41}},"27":{"start":{"line":43,"column":2},"end":{"line":48,"column":4}},"28":{"start":{"line":50,"column":2},"end":{"line":58,"column":3}},"29":{"start":{"line":51,"column":4},"end":{"line":51,"column":21}},"30":{"start":{"line":53,"column":4},"end":{"line":55,"column":5}},"31":{"start":{"line":54,"column":6},"end":{"line":54,"column":31}},"32":{"start":{"line":57,"column":4},"end":{"line":57,"column":19}},"33":{"start":{"line":60,"column":2},"end":{"line":60,"column":52}},"34":{"start":{"line":62,"column":2},"end":{"line":95,"column":3}},"35":{"start":{"line":64,"column":4},"end":{"line":67,"column":7}},"36":{"start":{"line":66,"column":6},"end":{"line":66,"column":76}},"37":{"start":{"line":70,"column":4},"end":{"line":75,"column":7}},"38":{"start":{"line":71,"column":6},"end":{"line":71,"column":55}},"39":{"start":{"line":72,"column":6},"end":{"line":72,"column":61}},"40":{"start":{"line":74,"column":6},"end":{"line":74,"column":87}},"41":{"start":{"line":77,"column":4},"end":{"line":87,"column":7}},"42":{"start":{"line":79,"column":6},"end":{"line":81,"column":7}},"43":{"start":{"line":80,"column":8},"end":{"line":80,"column":77}},"44":{"start":{"line":83,"column":6},"end":{"line":83,"column":65}},"45":{"start":{"line":84,"column":6},"end":{"line":84,"column":52}},"46":{"start":{"line":86,"column":6},"end":{"line":86,"column":85}},"47":{"start":{"line":89,"column":4},"end":{"line":94,"column":7}},"48":{"start":{"line":90,"column":6},"end":{"line":90,"column":54}},"49":{"start":{"line":91,"column":6},"end":{"line":91,"column":60}},"50":{"start":{"line":93,"column":6},"end":{"line":93,"column":84}},"51":{"start":{"line":97,"column":2},"end":{"line":100,"column":5}},"52":{"start":{"line":98,"column":4},"end":{"line":98,"column":26}},"53":{"start":{"line":99,"column":4},"end":{"line":99,"column":121}},"54":{"start":{"line":102,"column":2},"end":{"line":108,"column":5}},"55":{"start":{"line":103,"column":4},"end":{"line":105,"column":7}},"56":{"start":{"line":104,"column":6},"end":{"line":104,"column":44}},"57":{"start":{"line":107,"column":4},"end":{"line":107,"column":45}},"58":{"start":{"line":110,"column":2},"end":{"line":127,"column":5}},"59":{"start":{"line":112,"column":4},"end":{"line":112,"column":43}},"60":{"start":{"line":114,"column":4},"end":{"line":114,"column":68}},"61":{"start":{"line":116,"column":4},"end":{"line":118,"column":7}},"62":{"start":{"line":120,"column":4},"end":{"line":126,"column":7}},"63":{"start":{"line":121,"column":6},"end":{"line":121,"column":63}},"64":{"start":{"line":122,"column":6},"end":{"line":122,"column":65}},"65":{"start":{"line":123,"column":6},"end":{"line":123,"column":52}},"66":{"start":{"line":124,"column":6},"end":{"line":124,"column":68}},"67":{"start":{"line":125,"column":6},"end":{"line":125,"column":58}},"68":{"start":{"line":129,"column":2},"end":{"line":145,"column":5}},"69":{"start":{"line":130,"column":4},"end":{"line":130,"column":42}},"70":{"start":{"line":132,"column":4},"end":{"line":132,"column":68}},"71":{"start":{"line":134,"column":4},"end":{"line":136,"column":7}},"72":{"start":{"line":138,"column":4},"end":{"line":144,"column":7}},"73":{"start":{"line":139,"column":6},"end":{"line":139,"column":63}},"74":{"start":{"line":140,"column":6},"end":{"line":140,"column":65}},"75":{"start":{"line":141,"column":6},"end":{"line":141,"column":52}},"76":{"start":{"line":142,"column":6},"end":{"line":142,"column":56}},"77":{"start":{"line":143,"column":6},"end":{"line":143,"column":59}}},"branchMap":{"1":{"line":53,"type":"if","locations":[{"start":{"line":53,"column":4},"end":{"line":53,"column":4}},{"start":{"line":53,"column":4},"end":{"line":53,"column":4}}]},"2":{"line":79,"type":"if","locations":[{"start":{"line":79,"column":6},"end":{"line":79,"column":6}},{"start":{"line":79,"column":6},"end":{"line":79,"column":6}}]}}},"/home/spriadka/FeeedHenry/raincatcher-workflow/lib/constants.js":{"path":"/home/spriadka/FeeedHenry/raincatcher-workflow/lib/constants.js","s":{"1":1},"b":{},"f":{},"fnMap":{},"statementMap":{"1":{"start":{"line":1,"column":0},"end":{"line":46,"column":2}}},"branchMap":{}},"/home/spriadka/FeeedHenry/raincatcher-workflow/lib/client/workflow-client/index.js":{"path":"/home/spriadka/FeeedHenry/raincatcher-workflow/lib/client/workflow-client/index.js","s":{"1":1,"2":1,"3":1,"4":8,"5":1,"6":8},"b":{"1":[1,7]},"f":{"1":8},"fnMap":{"1":{"name":"(anonymous_1)","line":14,"loc":{"start":{"line":14,"column":17},"end":{"line":14,"column":45}}}},"statementMap":{"1":{"start":{"line":1,"column":0},"end":{"line":1,"column":54}},"2":{"start":{"line":2,"column":0},"end":{"line":2,"column":12}},"3":{"start":{"line":14,"column":0},"end":{"line":22,"column":2}},"4":{"start":{"line":17,"column":2},"end":{"line":19,"column":3}},"5":{"start":{"line":18,"column":4},"end":{"line":18,"column":57}},"6":{"start":{"line":21,"column":2},"end":{"line":21,"column":17}}},"branchMap":{"1":{"line":17,"type":"if","locations":[{"start":{"line":17,"column":2},"end":{"line":17,"column":2}},{"start":{"line":17,"column":2},"end":{"line":17,"column":2}}]}}},"/home/spriadka/FeeedHenry/raincatcher-workflow/lib/client/workflow-client/workflowClient.js":{"path":"/home/spriadka/FeeedHenry/raincatcher-workflow/lib/client/workflow-client/workflowClient.js","s":{"1":1,"2":1,"3":1,"4":1,"5":1,"6":1,"7":29,"8":29,"9":24,"10":29,"11":9,"12":29,"13":1,"14":2,"15":2,"16":2,"17":2,"18":2,"19":2,"20":1,"21":29,"22":29,"23":29,"24":29,"25":29,"26":29,"27":0,"28":29,"29":1,"30":5,"31":5,"32":5,"33":1,"34":1,"35":1,"36":1,"37":1,"38":1,"39":1,"40":1,"41":1,"42":1,"43":1,"44":4,"45":4,"46":4,"47":2,"48":2,"49":0,"50":2,"51":0,"52":2,"53":4,"54":1,"55":12,"56":12,"57":12,"58":12,"59":21,"60":12,"61":5,"62":5,"63":12,"64":1,"65":5,"66":5,"67":5,"68":5,"69":5,"70":5,"71":1,"72":5,"73":5,"74":3,"75":1,"76":1,"77":1,"78":2,"79":2,"80":2,"81":1,"82":0,"83":0,"84":0,"85":1,"86":5,"87":5,"88":5,"89":1,"90":7,"91":7,"92":7,"93":1,"94":2,"95":2,"96":2,"97":1,"98":2,"99":2,"100":2,"101":2,"102":1,"103":2,"104":2,"105":2,"106":1,"107":2,"108":2,"109":2,"110":1},"b":{"1":[2,2],"2":[29,29],"3":[2,2],"4":[4,3],"5":[0,2],"6":[0,2],"7":[12,0],"8":[12,12,12],"9":[21,15],"10":[5,7],"11":[5,2],"12":[5,0]},"f":{"1":29,"2":24,"3":9,"4":2,"5":29,"6":0,"7":5,"8":1,"9":1,"10":4,"11":12,"12":21,"13":5,"14":5,"15":5,"16":5,"17":5,"18":3,"19":1,"20":2,"21":0,"22":5,"23":7,"24":2,"25":2,"26":2,"27":2},"fnMap":{"1":{"name":"getTopicPromises","line":19,"loc":{"start":{"line":19,"column":0},"end":{"line":19,"column":63}}},"2":{"name":"(anonymous_2)","line":22,"loc":{"start":{"line":22,"column":24},"end":{"line":22,"column":51}}},"3":{"name":"(anonymous_3)","line":26,"loc":{"start":{"line":26,"column":25},"end":{"line":26,"column":41}}},"4":{"name":"WorkflowMediatorService","line":41,"loc":{"start":{"line":41,"column":0},"end":{"line":41,"column":51}}},"5":{"name":"getErrorAndDoneTopicPromises","line":75,"loc":{"start":{"line":75,"column":65},"end":{"line":75,"column":140}}},"6":{"name":"(anonymous_6)","line":84,"loc":{"start":{"line":84,"column":13},"end":{"line":84,"column":24}}},"7":{"name":"listResults","line":98,"loc":{"start":{"line":98,"column":48},"end":{"line":98,"column":71}}},"8":{"name":"createResult","line":112,"loc":{"start":{"line":112,"column":49},"end":{"line":112,"column":87}}},"9":{"name":"updateResult","line":130,"loc":{"start":{"line":130,"column":49},"end":{"line":130,"column":87}}},"10":{"name":"checkStatus","line":151,"loc":{"start":{"line":151,"column":48},"end":{"line":151,"column":98}}},"11":{"name":"stepReview","line":176,"loc":{"start":{"line":176,"column":47},"end":{"line":176,"column":82}}},"12":{"name":"(anonymous_12)","line":182,"loc":{"start":{"line":182,"column":49},"end":{"line":182,"column":64}}},"13":{"name":"(anonymous_13)","line":207,"loc":{"start":{"line":207,"column":56},"end":{"line":207,"column":78}}},"14":{"name":"(anonymous_14)","line":210,"loc":{"start":{"line":210,"column":46},"end":{"line":210,"column":66}}},"15":{"name":"(anonymous_15)","line":212,"loc":{"start":{"line":212,"column":12},"end":{"line":212,"column":38}}},"16":{"name":"getResultByWorkorderId","line":227,"loc":{"start":{"line":227,"column":59},"end":{"line":227,"column":104}}},"17":{"name":"(anonymous_17)","line":228,"loc":{"start":{"line":228,"column":33},"end":{"line":228,"column":56}}},"18":{"name":"(anonymous_18)","line":229,"loc":{"start":{"line":229,"column":38},"end":{"line":229,"column":55}}},"19":{"name":"createNewResult","line":241,"loc":{"start":{"line":241,"column":52},"end":{"line":241,"column":90}}},"20":{"name":"listWorkflows","line":251,"loc":{"start":{"line":251,"column":41},"end":{"line":251,"column":66}}},"21":{"name":"listWorkorders","line":265,"loc":{"start":{"line":265,"column":51},"end":{"line":265,"column":77}}},"22":{"name":"readWorkorder","line":280,"loc":{"start":{"line":280,"column":50},"end":{"line":280,"column":86}}},"23":{"name":"readWorkflow","line":298,"loc":{"start":{"line":298,"column":41},"end":{"line":298,"column":75}}},"24":{"name":"updateWorkflow","line":314,"loc":{"start":{"line":314,"column":43},"end":{"line":314,"column":85}}},"25":{"name":"createWorkflow","line":333,"loc":{"start":{"line":333,"column":43},"end":{"line":333,"column":85}}},"26":{"name":"removeWorkorder","line":353,"loc":{"start":{"line":353,"column":43},"end":{"line":353,"column":86}}},"27":{"name":"readUserProfile","line":372,"loc":{"start":{"line":372,"column":52},"end":{"line":372,"column":79}}}},"statementMap":{"1":{"start":{"line":1,"column":0},"end":{"line":1,"column":21}},"2":{"start":{"line":2,"column":0},"end":{"line":2,"column":26}},"3":{"start":{"line":3,"column":0},"end":{"line":3,"column":33}},"4":{"start":{"line":4,"column":0},"end":{"line":4,"column":43}},"5":{"start":{"line":5,"column":0},"end":{"line":5,"column":65}},"6":{"start":{"line":19,"column":0},"end":{"line":31,"column":1}},"7":{"start":{"line":20,"column":2},"end":{"line":20,"column":27}},"8":{"start":{"line":22,"column":2},"end":{"line":24,"column":5}},"9":{"start":{"line":23,"column":4},"end":{"line":23,"column":39}},"10":{"start":{"line":26,"column":2},"end":{"line":28,"column":5}},"11":{"start":{"line":27,"column":4},"end":{"line":27,"column":27}},"12":{"start":{"line":30,"column":2},"end":{"line":30,"column":26}},"13":{"start":{"line":41,"column":0},"end":{"line":61,"column":1}},"14":{"start":{"line":42,"column":2},"end":{"line":42,"column":27}},"15":{"start":{"line":43,"column":2},"end":{"line":43,"column":29}},"16":{"start":{"line":45,"column":2},"end":{"line":47,"column":43}},"17":{"start":{"line":49,"column":2},"end":{"line":51,"column":45}},"18":{"start":{"line":54,"column":2},"end":{"line":56,"column":41}},"19":{"start":{"line":58,"column":2},"end":{"line":60,"column":44}},"20":{"start":{"line":75,"column":0},"end":{"line":90,"column":2}},"21":{"start":{"line":76,"column":2},"end":{"line":76,"column":86}},"22":{"start":{"line":77,"column":2},"end":{"line":77,"column":88}},"23":{"start":{"line":79,"column":2},"end":{"line":79,"column":68}},"24":{"start":{"line":80,"column":2},"end":{"line":80,"column":70}},"25":{"start":{"line":82,"column":2},"end":{"line":82,"column":31}},"26":{"start":{"line":84,"column":2},"end":{"line":86,"column":58}},"27":{"start":{"line":85,"column":4},"end":{"line":85,"column":70}},"28":{"start":{"line":89,"column":2},"end":{"line":89,"column":95}},"29":{"start":{"line":98,"column":0},"end":{"line":104,"column":2}},"30":{"start":{"line":99,"column":2},"end":{"line":99,"column":93}},"31":{"start":{"line":101,"column":2},"end":{"line":101,"column":76}},"32":{"start":{"line":103,"column":2},"end":{"line":103,"column":17}},"33":{"start":{"line":112,"column":0},"end":{"line":122,"column":2}},"34":{"start":{"line":113,"column":2},"end":{"line":113,"column":36}},"35":{"start":{"line":114,"column":2},"end":{"line":114,"column":105}},"36":{"start":{"line":116,"column":2},"end":{"line":119,"column":5}},"37":{"start":{"line":121,"column":2},"end":{"line":121,"column":17}},"38":{"start":{"line":130,"column":0},"end":{"line":140,"column":2}},"39":{"start":{"line":131,"column":2},"end":{"line":131,"column":36}},"40":{"start":{"line":132,"column":2},"end":{"line":132,"column":105}},"41":{"start":{"line":134,"column":2},"end":{"line":137,"column":5}},"42":{"start":{"line":139,"column":2},"end":{"line":139,"column":17}},"43":{"start":{"line":151,"column":0},"end":{"line":164,"column":2}},"44":{"start":{"line":152,"column":2},"end":{"line":152,"column":13}},"45":{"start":{"line":153,"column":2},"end":{"line":153,"column":59}},"46":{"start":{"line":154,"column":2},"end":{"line":162,"column":3}},"47":{"start":{"line":155,"column":4},"end":{"line":155,"column":47}},"48":{"start":{"line":156,"column":9},"end":{"line":162,"column":3}},"49":{"start":{"line":157,"column":4},"end":{"line":157,"column":49}},"50":{"start":{"line":158,"column":9},"end":{"line":162,"column":3}},"51":{"start":{"line":159,"column":4},"end":{"line":159,"column":42}},"52":{"start":{"line":161,"column":4},"end":{"line":161,"column":46}},"53":{"start":{"line":163,"column":2},"end":{"line":163,"column":16}},"54":{"start":{"line":176,"column":0},"end":{"line":196,"column":2}},"55":{"start":{"line":177,"column":2},"end":{"line":177,"column":34}},"56":{"start":{"line":178,"column":2},"end":{"line":178,"column":23}},"57":{"start":{"line":181,"column":2},"end":{"line":191,"column":3}},"58":{"start":{"line":182,"column":4},"end":{"line":185,"column":7}},"59":{"start":{"line":184,"column":6},"end":{"line":184,"column":114}},"60":{"start":{"line":187,"column":4},"end":{"line":190,"column":5}},"61":{"start":{"line":188,"column":6},"end":{"line":188,"column":22}},"62":{"start":{"line":189,"column":6},"end":{"line":189,"column":45}},"63":{"start":{"line":192,"column":2},"end":{"line":195,"column":4}},"64":{"start":{"line":207,"column":0},"end":{"line":219,"column":2}},"65":{"start":{"line":208,"column":2},"end":{"line":208,"column":18}},"66":{"start":{"line":210,"column":2},"end":{"line":218,"column":5}},"67":{"start":{"line":211,"column":4},"end":{"line":217,"column":9}},"68":{"start":{"line":213,"column":8},"end":{"line":213,"column":42}},"69":{"start":{"line":214,"column":8},"end":{"line":214,"column":40}},"70":{"start":{"line":216,"column":8},"end":{"line":216,"column":45}},"71":{"start":{"line":227,"column":0},"end":{"line":233,"column":2}},"72":{"start":{"line":228,"column":2},"end":{"line":232,"column":5}},"73":{"start":{"line":229,"column":4},"end":{"line":231,"column":15}},"74":{"start":{"line":230,"column":6},"end":{"line":230,"column":48}},"75":{"start":{"line":241,"column":0},"end":{"line":243,"column":2}},"76":{"start":{"line":242,"column":2},"end":{"line":242,"column":128}},"77":{"start":{"line":251,"column":0},"end":{"line":257,"column":2}},"78":{"start":{"line":252,"column":2},"end":{"line":252,"column":103}},"79":{"start":{"line":254,"column":2},"end":{"line":254,"column":86}},"80":{"start":{"line":256,"column":2},"end":{"line":256,"column":17}},"81":{"start":{"line":265,"column":0},"end":{"line":271,"column":2}},"82":{"start":{"line":266,"column":2},"end":{"line":266,"column":96}},"83":{"start":{"line":268,"column":2},"end":{"line":268,"column":79}},"84":{"start":{"line":270,"column":2},"end":{"line":270,"column":17}},"85":{"start":{"line":280,"column":0},"end":{"line":289,"column":2}},"86":{"start":{"line":281,"column":2},"end":{"line":281,"column":109}},"87":{"start":{"line":283,"column":2},"end":{"line":286,"column":5}},"88":{"start":{"line":288,"column":2},"end":{"line":288,"column":17}},"89":{"start":{"line":298,"column":0},"end":{"line":304,"column":2}},"90":{"start":{"line":299,"column":2},"end":{"line":299,"column":115}},"91":{"start":{"line":301,"column":2},"end":{"line":301,"column":126}},"92":{"start":{"line":303,"column":2},"end":{"line":303,"column":17}},"93":{"start":{"line":314,"column":0},"end":{"line":323,"column":2}},"94":{"start":{"line":315,"column":2},"end":{"line":315,"column":126}},"95":{"start":{"line":317,"column":2},"end":{"line":320,"column":5}},"96":{"start":{"line":322,"column":2},"end":{"line":322,"column":17}},"97":{"start":{"line":333,"column":0},"end":{"line":343,"column":2}},"98":{"start":{"line":334,"column":2},"end":{"line":334,"column":36}},"99":{"start":{"line":335,"column":2},"end":{"line":335,"column":115}},"100":{"start":{"line":337,"column":2},"end":{"line":340,"column":5}},"101":{"start":{"line":342,"column":2},"end":{"line":342,"column":17}},"102":{"start":{"line":353,"column":0},"end":{"line":363,"column":2}},"103":{"start":{"line":355,"column":2},"end":{"line":355,"column":126}},"104":{"start":{"line":357,"column":2},"end":{"line":360,"column":5}},"105":{"start":{"line":362,"column":2},"end":{"line":362,"column":17}},"106":{"start":{"line":372,"column":0},"end":{"line":378,"column":2}},"107":{"start":{"line":373,"column":2},"end":{"line":373,"column":99}},"108":{"start":{"line":375,"column":2},"end":{"line":375,"column":82}},"109":{"start":{"line":377,"column":2},"end":{"line":377,"column":17}},"110":{"start":{"line":380,"column":0},"end":{"line":380,"column":41}}},"branchMap":{"1":{"line":43,"type":"binary-expr","locations":[{"start":{"line":43,"column":16},"end":{"line":43,"column":22}},{"start":{"line":43,"column":26},"end":{"line":43,"column":28}}]},"2":{"line":86,"type":"binary-expr","locations":[{"start":{"line":86,"column":5},"end":{"line":86,"column":29}},{"start":{"line":86,"column":33},"end":{"line":86,"column":56}}]},"3":{"line":154,"type":"if","locations":[{"start":{"line":154,"column":2},"end":{"line":154,"column":2}},{"start":{"line":154,"column":2},"end":{"line":154,"column":2}}]},"4":{"line":154,"type":"binary-expr","locations":[{"start":{"line":154,"column":6},"end":{"line":154,"column":59}},{"start":{"line":154,"column":63},"end":{"line":154,"column":82}}]},"5":{"line":156,"type":"if","locations":[{"start":{"line":156,"column":9},"end":{"line":156,"column":9}},{"start":{"line":156,"column":9},"end":{"line":156,"column":9}}]},"6":{"line":158,"type":"if","locations":[{"start":{"line":158,"column":9},"end":{"line":158,"column":9}},{"start":{"line":158,"column":9},"end":{"line":158,"column":9}}]},"7":{"line":181,"type":"if","locations":[{"start":{"line":181,"column":2},"end":{"line":181,"column":2}},{"start":{"line":181,"column":2},"end":{"line":181,"column":2}}]},"8":{"line":181,"type":"binary-expr","locations":[{"start":{"line":181,"column":6},"end":{"line":181,"column":12}},{"start":{"line":181,"column":16},"end":{"line":181,"column":34}},{"start":{"line":181,"column":38},"end":{"line":181,"column":69}}]},"9":{"line":184,"type":"binary-expr","locations":[{"start":{"line":184,"column":13},"end":{"line":184,"column":43}},{"start":{"line":184,"column":47},"end":{"line":184,"column":113}}]},"10":{"line":187,"type":"if","locations":[{"start":{"line":187,"column":4},"end":{"line":187,"column":4}},{"start":{"line":187,"column":4},"end":{"line":187,"column":4}}]},"11":{"line":229,"type":"binary-expr","locations":[{"start":{"line":229,"column":11},"end":{"line":231,"column":6}},{"start":{"line":231,"column":10},"end":{"line":231,"column":14}}]},"12":{"line":229,"type":"binary-expr","locations":[{"start":{"line":229,"column":18},"end":{"line":229,"column":30}},{"start":{"line":229,"column":34},"end":{"line":229,"column":36}}]}}},"/home/spriadka/FeeedHenry/raincatcher-workflow/lib/client/mediator-subscribers/complete-spec.js":{"path":"/home/spriadka/FeeedHenry/raincatcher-workflow/lib/client/mediator-subscribers/complete-spec.js","s":{"1":1,"2":1,"3":1,"4":1,"5":1,"6":1,"7":1,"8":1,"9":1,"10":1,"11":1,"12":1,"13":1,"14":1,"15":1,"16":1,"17":1,"18":1,"19":1,"20":1,"21":1,"22":1,"23":1,"24":1,"25":1,"26":1,"27":1,"28":1,"29":1,"30":1,"31":1,"32":1,"33":1,"34":2,"35":2,"36":1,"37":2,"38":1,"39":1,"40":1,"41":2,"42":2,"43":2,"44":2,"45":2,"46":1,"47":1,"48":1,"49":2,"50":2,"51":2,"52":2,"53":2,"54":2,"55":2,"56":2,"57":1,"58":2,"59":2,"60":1,"61":2,"62":10,"63":2,"64":1,"65":1,"66":1,"67":1,"68":1,"69":1,"70":1,"71":1,"72":1,"73":1,"74":1,"75":1,"76":1,"77":1,"78":1,"79":1,"80":1,"81":1,"82":1,"83":1,"84":1,"85":1,"86":1,"87":1},"b":{"1":[1,1]},"f":{"1":1,"2":2,"3":2,"4":2,"5":2,"6":1,"7":2,"8":2,"9":2,"10":2,"11":10,"12":1,"13":1,"14":1,"15":1},"fnMap":{"1":{"name":"(anonymous_1)","line":40,"loc":{"start":{"line":40,"column":62},"end":{"line":40,"column":73}}},"2":{"name":"getMockResults","line":51,"loc":{"start":{"line":51,"column":2},"end":{"line":51,"column":41}}},"3":{"name":"createSubscribers","line":68,"loc":{"start":{"line":68,"column":2},"end":{"line":68,"column":60}}},"4":{"name":"(anonymous_4)","line":70,"loc":{"start":{"line":70,"column":78},"end":{"line":70,"column":89}}},"5":{"name":"(anonymous_5)","line":75,"loc":{"start":{"line":75,"column":78},"end":{"line":75,"column":89}}},"6":{"name":"(anonymous_6)","line":80,"loc":{"start":{"line":80,"column":80},"end":{"line":80,"column":101}}},"7":{"name":"(anonymous_7)","line":88,"loc":{"start":{"line":88,"column":82},"end":{"line":88,"column":103}}},"8":{"name":"(anonymous_8)","line":95,"loc":{"start":{"line":95,"column":80},"end":{"line":95,"column":101}}},"9":{"name":"(anonymous_9)","line":103,"loc":{"start":{"line":103,"column":13},"end":{"line":103,"column":24}}},"10":{"name":"(anonymous_10)","line":108,"loc":{"start":{"line":108,"column":12},"end":{"line":108,"column":23}}},"11":{"name":"(anonymous_11)","line":109,"loc":{"start":{"line":109,"column":29},"end":{"line":109,"column":57}}},"12":{"name":"(anonymous_12)","line":116,"loc":{"start":{"line":116,"column":52},"end":{"line":116,"column":63}}},"13":{"name":"(anonymous_13)","line":127,"loc":{"start":{"line":127,"column":33},"end":{"line":127,"column":49}}},"14":{"name":"(anonymous_14)","line":133,"loc":{"start":{"line":133,"column":73},"end":{"line":133,"column":84}}},"15":{"name":"(anonymous_15)","line":160,"loc":{"start":{"line":160,"column":36},"end":{"line":160,"column":58}}}},"statementMap":{"1":{"start":{"line":1,"column":0},"end":{"line":1,"column":55}},"2":{"start":{"line":2,"column":0},"end":{"line":2,"column":27}},"3":{"start":{"line":3,"column":0},"end":{"line":3,"column":29}},"4":{"start":{"line":4,"column":0},"end":{"line":4,"column":26}},"5":{"start":{"line":5,"column":0},"end":{"line":5,"column":43}},"6":{"start":{"line":6,"column":0},"end":{"line":6,"column":51}},"7":{"start":{"line":7,"column":0},"end":{"line":7,"column":49}},"8":{"start":{"line":9,"column":0},"end":{"line":9,"column":25}},"9":{"start":{"line":11,"column":0},"end":{"line":11,"column":65}},"10":{"start":{"line":13,"column":0},"end":{"line":13,"column":25}},"11":{"start":{"line":14,"column":0},"end":{"line":14,"column":27}},"12":{"start":{"line":16,"column":0},"end":{"line":16,"column":48}},"13":{"start":{"line":17,"column":0},"end":{"line":17,"column":65}},"14":{"start":{"line":19,"column":0},"end":{"line":19,"column":45}},"15":{"start":{"line":20,"column":0},"end":{"line":20,"column":59}},"16":{"start":{"line":22,"column":0},"end":{"line":22,"column":62}},"17":{"start":{"line":23,"column":0},"end":{"line":23,"column":75}},"18":{"start":{"line":24,"column":0},"end":{"line":24,"column":77}},"19":{"start":{"line":26,"column":0},"end":{"line":26,"column":42}},"20":{"start":{"line":27,"column":0},"end":{"line":27,"column":57}},"21":{"start":{"line":29,"column":0},"end":{"line":29,"column":47}},"22":{"start":{"line":30,"column":0},"end":{"line":30,"column":61}},"23":{"start":{"line":33,"column":0},"end":{"line":33,"column":50}},"24":{"start":{"line":34,"column":0},"end":{"line":34,"column":59}},"25":{"start":{"line":36,"column":0},"end":{"line":36,"column":65}},"26":{"start":{"line":37,"column":0},"end":{"line":37,"column":94}},"27":{"start":{"line":40,"column":0},"end":{"line":179,"column":3}},"28":{"start":{"line":42,"column":2},"end":{"line":42,"column":45}},"29":{"start":{"line":44,"column":2},"end":{"line":44,"column":47}},"30":{"start":{"line":46,"column":2},"end":{"line":46,"column":41}},"31":{"start":{"line":47,"column":2},"end":{"line":47,"column":30}},"32":{"start":{"line":49,"column":2},"end":{"line":49,"column":37}},"33":{"start":{"line":51,"column":2},"end":{"line":59,"column":3}},"34":{"start":{"line":52,"column":4},"end":{"line":52,"column":21}},"35":{"start":{"line":54,"column":4},"end":{"line":56,"column":5}},"36":{"start":{"line":55,"column":6},"end":{"line":55,"column":31}},"37":{"start":{"line":58,"column":4},"end":{"line":58,"column":19}},"38":{"start":{"line":61,"column":2},"end":{"line":64,"column":4}},"39":{"start":{"line":66,"column":2},"end":{"line":66,"column":52}},"40":{"start":{"line":68,"column":2},"end":{"line":101,"column":3}},"41":{"start":{"line":70,"column":4},"end":{"line":73,"column":7}},"42":{"start":{"line":72,"column":6},"end":{"line":72,"column":76}},"43":{"start":{"line":75,"column":4},"end":{"line":78,"column":7}},"44":{"start":{"line":77,"column":6},"end":{"line":77,"column":55}},"45":{"start":{"line":80,"column":4},"end":{"line":85,"column":7}},"46":{"start":{"line":81,"column":6},"end":{"line":81,"column":59}},"47":{"start":{"line":82,"column":6},"end":{"line":82,"column":52}},"48":{"start":{"line":84,"column":6},"end":{"line":84,"column":90}},"49":{"start":{"line":88,"column":4},"end":{"line":93,"column":7}},"50":{"start":{"line":89,"column":6},"end":{"line":89,"column":55}},"51":{"start":{"line":90,"column":6},"end":{"line":90,"column":61}},"52":{"start":{"line":92,"column":6},"end":{"line":92,"column":87}},"53":{"start":{"line":95,"column":4},"end":{"line":100,"column":7}},"54":{"start":{"line":96,"column":6},"end":{"line":96,"column":54}},"55":{"start":{"line":97,"column":6},"end":{"line":97,"column":60}},"56":{"start":{"line":99,"column":6},"end":{"line":99,"column":84}},"57":{"start":{"line":103,"column":2},"end":{"line":106,"column":5}},"58":{"start":{"line":104,"column":4},"end":{"line":104,"column":26}},"59":{"start":{"line":105,"column":4},"end":{"line":105,"column":127}},"60":{"start":{"line":108,"column":2},"end":{"line":114,"column":5}},"61":{"start":{"line":109,"column":4},"end":{"line":111,"column":7}},"62":{"start":{"line":110,"column":6},"end":{"line":110,"column":44}},"63":{"start":{"line":113,"column":4},"end":{"line":113,"column":45}},"64":{"start":{"line":116,"column":2},"end":{"line":131,"column":5}},"65":{"start":{"line":117,"column":4},"end":{"line":117,"column":43}},"66":{"start":{"line":119,"column":4},"end":{"line":119,"column":76}},"67":{"start":{"line":121,"column":4},"end":{"line":125,"column":7}},"68":{"start":{"line":127,"column":4},"end":{"line":130,"column":7}},"69":{"start":{"line":128,"column":6},"end":{"line":128,"column":59}},"70":{"start":{"line":129,"column":6},"end":{"line":129,"column":57}},"71":{"start":{"line":133,"column":2},"end":{"line":177,"column":5}},"72":{"start":{"line":135,"column":4},"end":{"line":135,"column":47}},"73":{"start":{"line":136,"column":4},"end":{"line":138,"column":6}},"74":{"start":{"line":139,"column":4},"end":{"line":145,"column":6}},"75":{"start":{"line":147,"column":4},"end":{"line":147,"column":61}},"76":{"start":{"line":148,"column":4},"end":{"line":148,"column":37}},"77":{"start":{"line":150,"column":4},"end":{"line":150,"column":58}},"78":{"start":{"line":152,"column":4},"end":{"line":152,"column":78}},"79":{"start":{"line":154,"column":4},"end":{"line":158,"column":7}},"80":{"start":{"line":160,"column":4},"end":{"line":176,"column":7}},"81":{"start":{"line":161,"column":6},"end":{"line":161,"column":63}},"82":{"start":{"line":162,"column":6},"end":{"line":162,"column":65}},"83":{"start":{"line":165,"column":6},"end":{"line":165,"column":52}},"84":{"start":{"line":167,"column":6},"end":{"line":167,"column":68}},"85":{"start":{"line":171,"column":6},"end":{"line":171,"column":101}},"86":{"start":{"line":174,"column":6},"end":{"line":174,"column":82}},"87":{"start":{"line":175,"column":6},"end":{"line":175,"column":63}}},"branchMap":{"1":{"line":54,"type":"if","locations":[{"start":{"line":54,"column":4},"end":{"line":54,"column":4}},{"start":{"line":54,"column":4},"end":{"line":54,"column":4}}]}}},"/home/spriadka/FeeedHenry/raincatcher-workflow/lib/client/mediator-subscribers/create-spec.js":{"path":"/home/spriadka/FeeedHenry/raincatcher-workflow/lib/client/mediator-subscribers/create-spec.js","s":{"1":1,"2":1,"3":1,"4":1,"5":1,"6":1,"7":1,"8":1,"9":1,"10":1,"11":1,"12":1,"13":1,"14":1,"15":1,"16":1,"17":1,"18":1,"19":1,"20":1,"21":1,"22":3,"23":3,"24":1,"25":3,"26":2,"27":3,"28":1,"29":1,"30":1,"31":1,"32":1,"33":1,"34":1,"35":1,"36":1,"37":1,"38":1,"39":1,"40":1,"41":1,"42":1,"43":1,"44":1,"45":1,"46":1,"47":1,"48":1,"49":1,"50":1,"51":1},"b":{},"f":{"1":1,"2":3,"3":3,"4":2,"5":1,"6":1,"7":1,"8":1,"9":1,"10":1,"11":1,"12":1},"fnMap":{"1":{"name":"(anonymous_1)","line":11,"loc":{"start":{"line":11,"column":43},"end":{"line":11,"column":54}}},"2":{"name":"(anonymous_2)","line":34,"loc":{"start":{"line":34,"column":13},"end":{"line":34,"column":24}}},"3":{"name":"(anonymous_3)","line":39,"loc":{"start":{"line":39,"column":12},"end":{"line":39,"column":23}}},"4":{"name":"(anonymous_4)","line":40,"loc":{"start":{"line":40,"column":29},"end":{"line":40,"column":57}}},"5":{"name":"(anonymous_5)","line":47,"loc":{"start":{"line":47,"column":56},"end":{"line":47,"column":67}}},"6":{"name":"(anonymous_6)","line":48,"loc":{"start":{"line":48,"column":76},"end":{"line":48,"column":97}}},"7":{"name":"(anonymous_7)","line":62,"loc":{"start":{"line":62,"column":28},"end":{"line":62,"column":54}}},"8":{"name":"(anonymous_8)","line":67,"loc":{"start":{"line":67,"column":64},"end":{"line":67,"column":75}}},"9":{"name":"(anonymous_9)","line":74,"loc":{"start":{"line":74,"column":29},"end":{"line":74,"column":45}}},"10":{"name":"(anonymous_10)","line":79,"loc":{"start":{"line":79,"column":58},"end":{"line":79,"column":69}}},"11":{"name":"(anonymous_11)","line":81,"loc":{"start":{"line":81,"column":76},"end":{"line":81,"column":97}}},"12":{"name":"(anonymous_12)","line":95,"loc":{"start":{"line":95,"column":29},"end":{"line":95,"column":45}}}},"statementMap":{"1":{"start":{"line":1,"column":0},"end":{"line":1,"column":55}},"2":{"start":{"line":2,"column":0},"end":{"line":2,"column":27}},"3":{"start":{"line":3,"column":0},"end":{"line":3,"column":26}},"4":{"start":{"line":4,"column":0},"end":{"line":4,"column":43}},"5":{"start":{"line":5,"column":0},"end":{"line":5,"column":51}},"6":{"start":{"line":7,"column":0},"end":{"line":7,"column":25}},"7":{"start":{"line":9,"column":0},"end":{"line":9,"column":65}},"8":{"start":{"line":11,"column":0},"end":{"line":99,"column":3}},"9":{"start":{"line":13,"column":2},"end":{"line":15,"column":4}},"10":{"start":{"line":17,"column":2},"end":{"line":17,"column":103}},"11":{"start":{"line":19,"column":2},"end":{"line":19,"column":33}},"12":{"start":{"line":21,"column":2},"end":{"line":21,"column":43}},"13":{"start":{"line":22,"column":2},"end":{"line":22,"column":66}},"14":{"start":{"line":23,"column":2},"end":{"line":23,"column":68}},"15":{"start":{"line":25,"column":2},"end":{"line":25,"column":52}},"16":{"start":{"line":26,"column":2},"end":{"line":26,"column":61}},"17":{"start":{"line":27,"column":2},"end":{"line":27,"column":63}},"18":{"start":{"line":29,"column":2},"end":{"line":29,"column":63}},"19":{"start":{"line":30,"column":2},"end":{"line":30,"column":92}},"20":{"start":{"line":32,"column":2},"end":{"line":32,"column":48}},"21":{"start":{"line":34,"column":2},"end":{"line":37,"column":5}},"22":{"start":{"line":35,"column":4},"end":{"line":35,"column":26}},"23":{"start":{"line":36,"column":4},"end":{"line":36,"column":110}},"24":{"start":{"line":39,"column":2},"end":{"line":45,"column":5}},"25":{"start":{"line":40,"column":4},"end":{"line":42,"column":7}},"26":{"start":{"line":41,"column":6},"end":{"line":41,"column":44}},"27":{"start":{"line":44,"column":4},"end":{"line":44,"column":41}},"28":{"start":{"line":47,"column":2},"end":{"line":65,"column":5}},"29":{"start":{"line":48,"column":4},"end":{"line":53,"column":7}},"30":{"start":{"line":49,"column":6},"end":{"line":49,"column":74}},"31":{"start":{"line":50,"column":6},"end":{"line":50,"column":52}},"32":{"start":{"line":52,"column":6},"end":{"line":52,"column":97}},"33":{"start":{"line":55,"column":4},"end":{"line":55,"column":56}},"34":{"start":{"line":57,"column":4},"end":{"line":60,"column":7}},"35":{"start":{"line":62,"column":4},"end":{"line":64,"column":7}},"36":{"start":{"line":63,"column":6},"end":{"line":63,"column":69}},"37":{"start":{"line":67,"column":2},"end":{"line":77,"column":5}},"38":{"start":{"line":68,"column":4},"end":{"line":68,"column":58}},"39":{"start":{"line":70,"column":4},"end":{"line":72,"column":7}},"40":{"start":{"line":74,"column":4},"end":{"line":76,"column":7}},"41":{"start":{"line":75,"column":6},"end":{"line":75,"column":59}},"42":{"start":{"line":79,"column":2},"end":{"line":98,"column":5}},"43":{"start":{"line":80,"column":4},"end":{"line":80,"column":69}},"44":{"start":{"line":81,"column":4},"end":{"line":86,"column":7}},"45":{"start":{"line":82,"column":6},"end":{"line":82,"column":74}},"46":{"start":{"line":83,"column":6},"end":{"line":83,"column":52}},"47":{"start":{"line":85,"column":6},"end":{"line":85,"column":88}},"48":{"start":{"line":88,"column":4},"end":{"line":88,"column":58}},"49":{"start":{"line":90,"column":4},"end":{"line":93,"column":7}},"50":{"start":{"line":95,"column":4},"end":{"line":97,"column":7}},"51":{"start":{"line":96,"column":6},"end":{"line":96,"column":49}}},"branchMap":{}},"/home/spriadka/FeeedHenry/raincatcher-workflow/lib/client/mediator-subscribers/list-spec.js":{"path":"/home/spriadka/FeeedHenry/raincatcher-workflow/lib/client/mediator-subscribers/list-spec.js","s":{"1":1,"2":1,"3":1,"4":1,"5":1,"6":1,"7":1,"8":1,"9":1,"10":1,"11":1,"12":1,"13":1,"14":1,"15":1,"16":1,"17":1,"18":1,"19":1,"20":1,"21":2,"22":2,"23":1,"24":2,"25":2,"26":2,"27":1,"28":1,"29":1,"30":1,"31":1,"32":1,"33":1,"34":1,"35":1,"36":1,"37":1,"38":1,"39":1,"40":1,"41":1},"b":{},"f":{"1":1,"2":2,"3":2,"4":2,"5":1,"6":1,"7":1,"8":1,"9":1,"10":1},"fnMap":{"1":{"name":"(anonymous_1)","line":10,"loc":{"start":{"line":10,"column":41},"end":{"line":10,"column":52}}},"2":{"name":"(anonymous_2)","line":32,"loc":{"start":{"line":32,"column":13},"end":{"line":32,"column":24}}},"3":{"name":"(anonymous_3)","line":37,"loc":{"start":{"line":37,"column":12},"end":{"line":37,"column":23}}},"4":{"name":"(anonymous_4)","line":38,"loc":{"start":{"line":38,"column":29},"end":{"line":38,"column":57}}},"5":{"name":"(anonymous_5)","line":45,"loc":{"start":{"line":45,"column":53},"end":{"line":45,"column":64}}},"6":{"name":"(anonymous_6)","line":46,"loc":{"start":{"line":46,"column":72},"end":{"line":46,"column":83}}},"7":{"name":"(anonymous_7)","line":54,"loc":{"start":{"line":54,"column":28},"end":{"line":54,"column":55}}},"8":{"name":"(anonymous_8)","line":59,"loc":{"start":{"line":59,"column":58},"end":{"line":59,"column":69}}},"9":{"name":"(anonymous_9)","line":61,"loc":{"start":{"line":61,"column":72},"end":{"line":61,"column":83}}},"10":{"name":"(anonymous_10)","line":69,"loc":{"start":{"line":69,"column":29},"end":{"line":69,"column":45}}}},"statementMap":{"1":{"start":{"line":1,"column":0},"end":{"line":1,"column":55}},"2":{"start":{"line":2,"column":0},"end":{"line":2,"column":27}},"3":{"start":{"line":3,"column":0},"end":{"line":3,"column":26}},"4":{"start":{"line":4,"column":0},"end":{"line":4,"column":43}},"5":{"start":{"line":5,"column":0},"end":{"line":5,"column":25}},"6":{"start":{"line":7,"column":0},"end":{"line":7,"column":65}},"7":{"start":{"line":8,"column":0},"end":{"line":8,"column":51}},"8":{"start":{"line":10,"column":0},"end":{"line":73,"column":3}},"9":{"start":{"line":12,"column":2},"end":{"line":15,"column":4}},"10":{"start":{"line":17,"column":2},"end":{"line":17,"column":65}},"11":{"start":{"line":19,"column":2},"end":{"line":19,"column":39}},"12":{"start":{"line":20,"column":2},"end":{"line":20,"column":48}},"13":{"start":{"line":21,"column":2},"end":{"line":21,"column":50}},"14":{"start":{"line":23,"column":2},"end":{"line":23,"column":48}},"15":{"start":{"line":24,"column":2},"end":{"line":24,"column":57}},"16":{"start":{"line":25,"column":2},"end":{"line":25,"column":59}},"17":{"start":{"line":27,"column":2},"end":{"line":27,"column":63}},"18":{"start":{"line":28,"column":2},"end":{"line":28,"column":92}},"19":{"start":{"line":30,"column":2},"end":{"line":30,"column":48}},"20":{"start":{"line":32,"column":2},"end":{"line":35,"column":5}},"21":{"start":{"line":33,"column":4},"end":{"line":33,"column":26}},"22":{"start":{"line":34,"column":4},"end":{"line":34,"column":106}},"23":{"start":{"line":37,"column":2},"end":{"line":43,"column":5}},"24":{"start":{"line":38,"column":4},"end":{"line":40,"column":7}},"25":{"start":{"line":39,"column":6},"end":{"line":39,"column":44}},"26":{"start":{"line":42,"column":4},"end":{"line":42,"column":41}},"27":{"start":{"line":45,"column":2},"end":{"line":57,"column":5}},"28":{"start":{"line":46,"column":4},"end":{"line":48,"column":7}},"29":{"start":{"line":47,"column":6},"end":{"line":47,"column":53}},"30":{"start":{"line":50,"column":4},"end":{"line":50,"column":54}},"31":{"start":{"line":52,"column":4},"end":{"line":52,"column":32}},"32":{"start":{"line":54,"column":4},"end":{"line":56,"column":7}},"33":{"start":{"line":55,"column":6},"end":{"line":55,"column":56}},"34":{"start":{"line":59,"column":2},"end":{"line":72,"column":5}},"35":{"start":{"line":60,"column":4},"end":{"line":60,"column":69}},"36":{"start":{"line":61,"column":4},"end":{"line":63,"column":7}},"37":{"start":{"line":62,"column":6},"end":{"line":62,"column":58}},"38":{"start":{"line":65,"column":4},"end":{"line":65,"column":56}},"39":{"start":{"line":67,"column":4},"end":{"line":67,"column":32}},"40":{"start":{"line":69,"column":4},"end":{"line":71,"column":7}},"41":{"start":{"line":70,"column":6},"end":{"line":70,"column":49}}},"branchMap":{}},"/home/spriadka/FeeedHenry/raincatcher-workflow/lib/client/mediator-subscribers/read-spec.js":{"path":"/home/spriadka/FeeedHenry/raincatcher-workflow/lib/client/mediator-subscribers/read-spec.js","s":{"1":1,"2":1,"3":1,"4":1,"5":1,"6":1,"7":1,"8":1,"9":1,"10":1,"11":1,"12":1,"13":1,"14":1,"15":1,"16":1,"17":1,"18":1,"19":1,"20":1,"21":3,"22":3,"23":1,"24":3,"25":2,"26":3,"27":1,"28":1,"29":1,"30":1,"31":1,"32":1,"33":1,"34":1,"35":1,"36":1,"37":1,"38":1,"39":1,"40":1,"41":1,"42":1,"43":1,"44":1,"45":1,"46":1,"47":1,"48":1,"49":1,"50":1},"b":{},"f":{"1":1,"2":3,"3":3,"4":2,"5":1,"6":1,"7":1,"8":1,"9":1,"10":1,"11":1,"12":1},"fnMap":{"1":{"name":"(anonymous_1)","line":10,"loc":{"start":{"line":10,"column":41},"end":{"line":10,"column":52}}},"2":{"name":"(anonymous_2)","line":32,"loc":{"start":{"line":32,"column":13},"end":{"line":32,"column":24}}},"3":{"name":"(anonymous_3)","line":37,"loc":{"start":{"line":37,"column":12},"end":{"line":37,"column":23}}},"4":{"name":"(anonymous_4)","line":38,"loc":{"start":{"line":38,"column":29},"end":{"line":38,"column":57}}},"5":{"name":"(anonymous_5)","line":45,"loc":{"start":{"line":45,"column":52},"end":{"line":45,"column":63}}},"6":{"name":"(anonymous_6)","line":46,"loc":{"start":{"line":46,"column":72},"end":{"line":46,"column":93}}},"7":{"name":"(anonymous_7)","line":57,"loc":{"start":{"line":57,"column":28},"end":{"line":57,"column":51}}},"8":{"name":"(anonymous_8)","line":62,"loc":{"start":{"line":62,"column":58},"end":{"line":62,"column":69}}},"9":{"name":"(anonymous_9)","line":67,"loc":{"start":{"line":67,"column":29},"end":{"line":67,"column":45}}},"10":{"name":"(anonymous_10)","line":72,"loc":{"start":{"line":72,"column":58},"end":{"line":72,"column":69}}},"11":{"name":"(anonymous_11)","line":74,"loc":{"start":{"line":74,"column":72},"end":{"line":74,"column":93}}},"12":{"name":"(anonymous_12)","line":85,"loc":{"start":{"line":85,"column":29},"end":{"line":85,"column":45}}}},"statementMap":{"1":{"start":{"line":1,"column":0},"end":{"line":1,"column":55}},"2":{"start":{"line":2,"column":0},"end":{"line":2,"column":27}},"3":{"start":{"line":3,"column":0},"end":{"line":3,"column":26}},"4":{"start":{"line":4,"column":0},"end":{"line":4,"column":43}},"5":{"start":{"line":5,"column":0},"end":{"line":5,"column":25}},"6":{"start":{"line":7,"column":0},"end":{"line":7,"column":65}},"7":{"start":{"line":8,"column":0},"end":{"line":8,"column":51}},"8":{"start":{"line":10,"column":0},"end":{"line":89,"column":3}},"9":{"start":{"line":12,"column":2},"end":{"line":15,"column":4}},"10":{"start":{"line":17,"column":2},"end":{"line":17,"column":39}},"11":{"start":{"line":18,"column":2},"end":{"line":18,"column":59}},"12":{"start":{"line":19,"column":2},"end":{"line":19,"column":50}},"13":{"start":{"line":21,"column":2},"end":{"line":21,"column":48}},"14":{"start":{"line":22,"column":2},"end":{"line":22,"column":68}},"15":{"start":{"line":23,"column":2},"end":{"line":23,"column":70}},"16":{"start":{"line":25,"column":2},"end":{"line":25,"column":63}},"17":{"start":{"line":26,"column":2},"end":{"line":26,"column":92}},"18":{"start":{"line":28,"column":2},"end":{"line":28,"column":48}},"19":{"start":{"line":30,"column":2},"end":{"line":30,"column":79}},"20":{"start":{"line":32,"column":2},"end":{"line":35,"column":5}},"21":{"start":{"line":33,"column":4},"end":{"line":33,"column":26}},"22":{"start":{"line":34,"column":4},"end":{"line":34,"column":67}},"23":{"start":{"line":37,"column":2},"end":{"line":43,"column":5}},"24":{"start":{"line":38,"column":4},"end":{"line":40,"column":7}},"25":{"start":{"line":39,"column":6},"end":{"line":39,"column":44}},"26":{"start":{"line":42,"column":4},"end":{"line":42,"column":41}},"27":{"start":{"line":45,"column":2},"end":{"line":60,"column":5}},"28":{"start":{"line":46,"column":4},"end":{"line":51,"column":7}},"29":{"start":{"line":47,"column":6},"end":{"line":47,"column":46}},"30":{"start":{"line":48,"column":6},"end":{"line":48,"column":60}},"31":{"start":{"line":50,"column":6},"end":{"line":50,"column":56}},"32":{"start":{"line":53,"column":4},"end":{"line":53,"column":54}},"33":{"start":{"line":55,"column":4},"end":{"line":55,"column":82}},"34":{"start":{"line":57,"column":4},"end":{"line":59,"column":7}},"35":{"start":{"line":58,"column":6},"end":{"line":58,"column":55}},"36":{"start":{"line":62,"column":2},"end":{"line":70,"column":5}},"37":{"start":{"line":63,"column":4},"end":{"line":63,"column":56}},"38":{"start":{"line":65,"column":4},"end":{"line":65,"column":32}},"39":{"start":{"line":67,"column":4},"end":{"line":69,"column":7}},"40":{"start":{"line":68,"column":6},"end":{"line":68,"column":61}},"41":{"start":{"line":72,"column":2},"end":{"line":88,"column":5}},"42":{"start":{"line":73,"column":4},"end":{"line":73,"column":69}},"43":{"start":{"line":74,"column":4},"end":{"line":79,"column":7}},"44":{"start":{"line":75,"column":6},"end":{"line":75,"column":46}},"45":{"start":{"line":76,"column":6},"end":{"line":76,"column":60}},"46":{"start":{"line":78,"column":6},"end":{"line":78,"column":58}},"47":{"start":{"line":81,"column":4},"end":{"line":81,"column":80}},"48":{"start":{"line":83,"column":4},"end":{"line":83,"column":82}},"49":{"start":{"line":85,"column":4},"end":{"line":87,"column":7}},"50":{"start":{"line":86,"column":6},"end":{"line":86,"column":49}}},"branchMap":{}},"/home/spriadka/FeeedHenry/raincatcher-workflow/lib/client/mediator-subscribers/read.js":{"path":"/home/spriadka/FeeedHenry/raincatcher-workflow/lib/client/mediator-subscribers/read.js","s":{"1":1,"2":1,"3":1,"4":3,"5":3,"6":3,"7":3,"8":3,"9":1,"10":2,"11":1,"12":1},"b":{"1":[3,0],"2":[1,2]},"f":{"1":1,"2":3,"3":1,"4":1},"fnMap":{"1":{"name":"readWorkflowSubscriber","line":9,"loc":{"start":{"line":9,"column":17},"end":{"line":9,"column":87}}},"2":{"name":"handleReadWorkflowsTopic","line":21,"loc":{"start":{"line":21,"column":9},"end":{"line":21,"column":55}}},"3":{"name":"(anonymous_3)","line":35,"loc":{"start":{"line":35,"column":10},"end":{"line":35,"column":29}}},"4":{"name":"(anonymous_4)","line":37,"loc":{"start":{"line":37,"column":13},"end":{"line":37,"column":29}}}},"statementMap":{"1":{"start":{"line":1,"column":0},"end":{"line":1,"column":43}},"2":{"start":{"line":9,"column":0},"end":{"line":42,"column":2}},"3":{"start":{"line":21,"column":2},"end":{"line":40,"column":4}},"4":{"start":{"line":22,"column":4},"end":{"line":22,"column":20}},"5":{"start":{"line":23,"column":4},"end":{"line":23,"column":34}},"6":{"start":{"line":25,"column":4},"end":{"line":25,"column":131}},"7":{"start":{"line":27,"column":4},"end":{"line":27,"column":129}},"8":{"start":{"line":30,"column":4},"end":{"line":32,"column":5}},"9":{"start":{"line":31,"column":6},"end":{"line":31,"column":112}},"10":{"start":{"line":34,"column":4},"end":{"line":39,"column":7}},"11":{"start":{"line":36,"column":6},"end":{"line":36,"column":61}},"12":{"start":{"line":38,"column":6},"end":{"line":38,"column":59}}},"branchMap":{"1":{"line":23,"type":"binary-expr","locations":[{"start":{"line":23,"column":17},"end":{"line":23,"column":27}},{"start":{"line":23,"column":31},"end":{"line":23,"column":33}}]},"2":{"line":30,"type":"if","locations":[{"start":{"line":30,"column":4},"end":{"line":30,"column":4}},{"start":{"line":30,"column":4},"end":{"line":30,"column":4}}]}}},"/home/spriadka/FeeedHenry/raincatcher-workflow/lib/client/mediator-subscribers/remove-spec.js":{"path":"/home/spriadka/FeeedHenry/raincatcher-workflow/lib/client/mediator-subscribers/remove-spec.js","s":{"1":1,"2":1,"3":1,"4":1,"5":1,"6":1,"7":1,"8":1,"9":1,"10":1,"11":1,"12":1,"13":1,"14":1,"15":1,"16":1,"17":1,"18":1,"19":1,"20":3,"21":3,"22":1,"23":3,"24":2,"25":3,"26":1,"27":1,"28":1,"29":1,"30":1,"31":1,"32":1,"33":1,"34":1,"35":1,"36":1,"37":1,"38":1,"39":1,"40":1,"41":1,"42":1,"43":1,"44":1,"45":1,"46":1,"47":1,"48":1},"b":{},"f":{"1":1,"2":3,"3":3,"4":2,"5":1,"6":1,"7":1,"8":1,"9":1,"10":1,"11":1},"fnMap":{"1":{"name":"(anonymous_1)","line":10,"loc":{"start":{"line":10,"column":43},"end":{"line":10,"column":54}}},"2":{"name":"(anonymous_2)","line":30,"loc":{"start":{"line":30,"column":13},"end":{"line":30,"column":24}}},"3":{"name":"(anonymous_3)","line":35,"loc":{"start":{"line":35,"column":12},"end":{"line":35,"column":23}}},"4":{"name":"(anonymous_4)","line":36,"loc":{"start":{"line":36,"column":29},"end":{"line":36,"column":57}}},"5":{"name":"(anonymous_5)","line":43,"loc":{"start":{"line":43,"column":56},"end":{"line":43,"column":67}}},"6":{"name":"(anonymous_6)","line":44,"loc":{"start":{"line":44,"column":76},"end":{"line":44,"column":97}}},"7":{"name":"(anonymous_7)","line":58,"loc":{"start":{"line":58,"column":60},"end":{"line":58,"column":71}}},"8":{"name":"(anonymous_8)","line":63,"loc":{"start":{"line":63,"column":29},"end":{"line":63,"column":45}}},"9":{"name":"(anonymous_9)","line":68,"loc":{"start":{"line":68,"column":58},"end":{"line":68,"column":69}}},"10":{"name":"(anonymous_10)","line":70,"loc":{"start":{"line":70,"column":76},"end":{"line":70,"column":97}}},"11":{"name":"(anonymous_11)","line":81,"loc":{"start":{"line":81,"column":29},"end":{"line":81,"column":45}}}},"statementMap":{"1":{"start":{"line":1,"column":0},"end":{"line":1,"column":55}},"2":{"start":{"line":2,"column":0},"end":{"line":2,"column":27}},"3":{"start":{"line":3,"column":0},"end":{"line":3,"column":26}},"4":{"start":{"line":4,"column":0},"end":{"line":4,"column":43}},"5":{"start":{"line":5,"column":0},"end":{"line":5,"column":25}},"6":{"start":{"line":7,"column":0},"end":{"line":7,"column":65}},"7":{"start":{"line":8,"column":0},"end":{"line":8,"column":51}},"8":{"start":{"line":10,"column":0},"end":{"line":85,"column":3}},"9":{"start":{"line":12,"column":2},"end":{"line":15,"column":4}},"10":{"start":{"line":17,"column":2},"end":{"line":17,"column":43}},"11":{"start":{"line":18,"column":2},"end":{"line":18,"column":63}},"12":{"start":{"line":19,"column":2},"end":{"line":19,"column":54}},"13":{"start":{"line":21,"column":2},"end":{"line":21,"column":52}},"14":{"start":{"line":22,"column":2},"end":{"line":22,"column":72}},"15":{"start":{"line":23,"column":2},"end":{"line":23,"column":74}},"16":{"start":{"line":25,"column":2},"end":{"line":25,"column":63}},"17":{"start":{"line":26,"column":2},"end":{"line":26,"column":92}},"18":{"start":{"line":28,"column":2},"end":{"line":28,"column":48}},"19":{"start":{"line":30,"column":2},"end":{"line":33,"column":5}},"20":{"start":{"line":31,"column":4},"end":{"line":31,"column":26}},"21":{"start":{"line":32,"column":4},"end":{"line":32,"column":110}},"22":{"start":{"line":35,"column":2},"end":{"line":41,"column":5}},"23":{"start":{"line":36,"column":4},"end":{"line":38,"column":7}},"24":{"start":{"line":37,"column":6},"end":{"line":37,"column":44}},"25":{"start":{"line":40,"column":4},"end":{"line":40,"column":41}},"26":{"start":{"line":43,"column":2},"end":{"line":56,"column":5}},"27":{"start":{"line":44,"column":4},"end":{"line":49,"column":7}},"28":{"start":{"line":45,"column":6},"end":{"line":45,"column":46}},"29":{"start":{"line":46,"column":6},"end":{"line":46,"column":60}},"30":{"start":{"line":48,"column":6},"end":{"line":48,"column":58}},"31":{"start":{"line":51,"column":4},"end":{"line":51,"column":56}},"32":{"start":{"line":53,"column":4},"end":{"line":53,"column":84}},"33":{"start":{"line":55,"column":4},"end":{"line":55,"column":23}},"34":{"start":{"line":58,"column":2},"end":{"line":66,"column":5}},"35":{"start":{"line":59,"column":4},"end":{"line":59,"column":58}},"36":{"start":{"line":61,"column":4},"end":{"line":61,"column":34}},"37":{"start":{"line":63,"column":4},"end":{"line":65,"column":7}},"38":{"start":{"line":64,"column":6},"end":{"line":64,"column":61}},"39":{"start":{"line":68,"column":2},"end":{"line":84,"column":5}},"40":{"start":{"line":69,"column":4},"end":{"line":69,"column":69}},"41":{"start":{"line":70,"column":4},"end":{"line":75,"column":7}},"42":{"start":{"line":71,"column":6},"end":{"line":71,"column":46}},"43":{"start":{"line":72,"column":6},"end":{"line":72,"column":60}},"44":{"start":{"line":74,"column":6},"end":{"line":74,"column":60}},"45":{"start":{"line":77,"column":4},"end":{"line":77,"column":82}},"46":{"start":{"line":79,"column":4},"end":{"line":79,"column":84}},"47":{"start":{"line":81,"column":4},"end":{"line":83,"column":7}},"48":{"start":{"line":82,"column":6},"end":{"line":82,"column":49}}},"branchMap":{}},"/home/spriadka/FeeedHenry/raincatcher-workflow/lib/client/mediator-subscribers/summary-spec.js":{"path":"/home/spriadka/FeeedHenry/raincatcher-workflow/lib/client/mediator-subscribers/summary-spec.js","s":{"1":1,"2":1,"3":1,"4":1,"5":1,"6":1,"7":1,"8":1,"9":1,"10":1,"11":1,"12":1,"13":1,"14":1,"15":1,"16":1,"17":1,"18":1,"19":1,"20":1,"21":1,"22":1,"23":1,"24":1,"25":1,"26":1,"27":1,"28":1,"29":1,"30":1,"31":1,"32":1,"33":1,"34":1,"35":1,"36":1,"37":1,"38":1,"39":1,"40":1,"41":1,"42":0,"43":0,"44":0,"45":0,"46":0,"47":1,"48":1,"49":1,"50":1,"51":1,"52":1,"53":1,"54":1,"55":1,"56":4,"57":1,"58":1,"59":1,"60":1,"61":1,"62":1,"63":1,"64":1,"65":1,"66":1,"67":1},"b":{"1":[1,0],"2":[0,0]},"f":{"1":1,"2":1,"3":1,"4":1,"5":1,"6":0,"7":1,"8":1,"9":1,"10":4,"11":1,"12":1},"fnMap":{"1":{"name":"(anonymous_1)","line":35,"loc":{"start":{"line":35,"column":62},"end":{"line":35,"column":73}}},"2":{"name":"getMockResults","line":50,"loc":{"start":{"line":50,"column":2},"end":{"line":50,"column":41}}},"3":{"name":"createSubscribers","line":62,"loc":{"start":{"line":62,"column":2},"end":{"line":62,"column":44}}},"4":{"name":"(anonymous_4)","line":64,"loc":{"start":{"line":64,"column":78},"end":{"line":64,"column":89}}},"5":{"name":"(anonymous_5)","line":70,"loc":{"start":{"line":70,"column":82},"end":{"line":70,"column":103}}},"6":{"name":"(anonymous_6)","line":77,"loc":{"start":{"line":77,"column":80},"end":{"line":77,"column":101}}},"7":{"name":"(anonymous_7)","line":89,"loc":{"start":{"line":89,"column":80},"end":{"line":89,"column":101}}},"8":{"name":"(anonymous_8)","line":97,"loc":{"start":{"line":97,"column":13},"end":{"line":97,"column":24}}},"9":{"name":"(anonymous_9)","line":102,"loc":{"start":{"line":102,"column":12},"end":{"line":102,"column":23}}},"10":{"name":"(anonymous_10)","line":103,"loc":{"start":{"line":103,"column":29},"end":{"line":103,"column":57}}},"11":{"name":"(anonymous_11)","line":110,"loc":{"start":{"line":110,"column":66},"end":{"line":110,"column":77}}},"12":{"name":"(anonymous_12)","line":120,"loc":{"start":{"line":120,"column":35},"end":{"line":120,"column":57}}}},"statementMap":{"1":{"start":{"line":1,"column":0},"end":{"line":1,"column":55}},"2":{"start":{"line":2,"column":0},"end":{"line":2,"column":27}},"3":{"start":{"line":3,"column":0},"end":{"line":3,"column":29}},"4":{"start":{"line":4,"column":0},"end":{"line":4,"column":26}},"5":{"start":{"line":5,"column":0},"end":{"line":5,"column":43}},"6":{"start":{"line":6,"column":0},"end":{"line":6,"column":51}},"7":{"start":{"line":7,"column":0},"end":{"line":7,"column":49}},"8":{"start":{"line":9,"column":0},"end":{"line":9,"column":25}},"9":{"start":{"line":11,"column":0},"end":{"line":11,"column":65}},"10":{"start":{"line":13,"column":0},"end":{"line":13,"column":25}},"11":{"start":{"line":15,"column":0},"end":{"line":15,"column":56}},"12":{"start":{"line":16,"column":0},"end":{"line":16,"column":65}},"13":{"start":{"line":18,"column":0},"end":{"line":18,"column":42}},"14":{"start":{"line":19,"column":0},"end":{"line":19,"column":57}},"15":{"start":{"line":21,"column":0},"end":{"line":21,"column":47}},"16":{"start":{"line":22,"column":0},"end":{"line":22,"column":61}},"17":{"start":{"line":25,"column":0},"end":{"line":25,"column":50}},"18":{"start":{"line":26,"column":0},"end":{"line":26,"column":59}},"19":{"start":{"line":28,"column":0},"end":{"line":28,"column":45}},"20":{"start":{"line":29,"column":0},"end":{"line":29,"column":59}},"21":{"start":{"line":31,"column":0},"end":{"line":31,"column":65}},"22":{"start":{"line":32,"column":0},"end":{"line":32,"column":94}},"23":{"start":{"line":35,"column":0},"end":{"line":129,"column":3}},"24":{"start":{"line":37,"column":2},"end":{"line":37,"column":45}},"25":{"start":{"line":39,"column":2},"end":{"line":39,"column":47}},"26":{"start":{"line":41,"column":2},"end":{"line":41,"column":41}},"27":{"start":{"line":43,"column":2},"end":{"line":48,"column":4}},"28":{"start":{"line":50,"column":2},"end":{"line":58,"column":3}},"29":{"start":{"line":51,"column":4},"end":{"line":51,"column":21}},"30":{"start":{"line":53,"column":4},"end":{"line":55,"column":5}},"31":{"start":{"line":54,"column":6},"end":{"line":54,"column":31}},"32":{"start":{"line":57,"column":4},"end":{"line":57,"column":19}},"33":{"start":{"line":60,"column":2},"end":{"line":60,"column":52}},"34":{"start":{"line":62,"column":2},"end":{"line":95,"column":3}},"35":{"start":{"line":64,"column":4},"end":{"line":67,"column":7}},"36":{"start":{"line":66,"column":6},"end":{"line":66,"column":76}},"37":{"start":{"line":70,"column":4},"end":{"line":75,"column":7}},"38":{"start":{"line":71,"column":6},"end":{"line":71,"column":55}},"39":{"start":{"line":72,"column":6},"end":{"line":72,"column":61}},"40":{"start":{"line":74,"column":6},"end":{"line":74,"column":87}},"41":{"start":{"line":77,"column":4},"end":{"line":87,"column":7}},"42":{"start":{"line":79,"column":6},"end":{"line":81,"column":7}},"43":{"start":{"line":80,"column":8},"end":{"line":80,"column":77}},"44":{"start":{"line":83,"column":6},"end":{"line":83,"column":65}},"45":{"start":{"line":84,"column":6},"end":{"line":84,"column":52}},"46":{"start":{"line":86,"column":6},"end":{"line":86,"column":85}},"47":{"start":{"line":89,"column":4},"end":{"line":94,"column":7}},"48":{"start":{"line":90,"column":6},"end":{"line":90,"column":54}},"49":{"start":{"line":91,"column":6},"end":{"line":91,"column":60}},"50":{"start":{"line":93,"column":6},"end":{"line":93,"column":84}},"51":{"start":{"line":97,"column":2},"end":{"line":100,"column":5}},"52":{"start":{"line":98,"column":4},"end":{"line":98,"column":26}},"53":{"start":{"line":99,"column":4},"end":{"line":99,"column":125}},"54":{"start":{"line":102,"column":2},"end":{"line":108,"column":5}},"55":{"start":{"line":103,"column":4},"end":{"line":105,"column":7}},"56":{"start":{"line":104,"column":6},"end":{"line":104,"column":44}},"57":{"start":{"line":107,"column":4},"end":{"line":107,"column":45}},"58":{"start":{"line":110,"column":2},"end":{"line":127,"column":5}},"59":{"start":{"line":112,"column":4},"end":{"line":112,"column":42}},"60":{"start":{"line":114,"column":4},"end":{"line":114,"column":72}},"61":{"start":{"line":116,"column":4},"end":{"line":118,"column":7}},"62":{"start":{"line":120,"column":4},"end":{"line":126,"column":7}},"63":{"start":{"line":121,"column":6},"end":{"line":121,"column":63}},"64":{"start":{"line":122,"column":6},"end":{"line":122,"column":65}},"65":{"start":{"line":123,"column":6},"end":{"line":123,"column":52}},"66":{"start":{"line":124,"column":6},"end":{"line":124,"column":56}},"67":{"start":{"line":125,"column":6},"end":{"line":125,"column":59}}},"branchMap":{"1":{"line":53,"type":"if","locations":[{"start":{"line":53,"column":4},"end":{"line":53,"column":4}},{"start":{"line":53,"column":4},"end":{"line":53,"column":4}}]},"2":{"line":79,"type":"if","locations":[{"start":{"line":79,"column":6},"end":{"line":79,"column":6}},{"start":{"line":79,"column":6},"end":{"line":79,"column":6}}]}}},"/home/spriadka/FeeedHenry/raincatcher-workflow/lib/client/mediator-subscribers/update-spec.js":{"path":"/home/spriadka/FeeedHenry/raincatcher-workflow/lib/client/mediator-subscribers/update-spec.js","s":{"1":1,"2":1,"3":1,"4":1,"5":1,"6":1,"7":1,"8":1,"9":1,"10":1,"11":1,"12":1,"13":1,"14":1,"15":1,"16":1,"17":1,"18":1,"19":1,"20":1,"21":1,"22":3,"23":3,"24":1,"25":3,"26":2,"27":3,"28":1,"29":1,"30":1,"31":1,"32":1,"33":1,"34":1,"35":1,"36":1,"37":1,"38":1,"39":1,"40":1,"41":1,"42":1,"43":1,"44":1,"45":1,"46":1,"47":1,"48":1,"49":1,"50":1,"51":1},"b":{},"f":{"1":1,"2":3,"3":3,"4":2,"5":1,"6":1,"7":1,"8":1,"9":1,"10":1,"11":1,"12":1},"fnMap":{"1":{"name":"(anonymous_1)","line":11,"loc":{"start":{"line":11,"column":43},"end":{"line":11,"column":54}}},"2":{"name":"(anonymous_2)","line":35,"loc":{"start":{"line":35,"column":13},"end":{"line":35,"column":24}}},"3":{"name":"(anonymous_3)","line":40,"loc":{"start":{"line":40,"column":12},"end":{"line":40,"column":23}}},"4":{"name":"(anonymous_4)","line":41,"loc":{"start":{"line":41,"column":29},"end":{"line":41,"column":57}}},"5":{"name":"(anonymous_5)","line":48,"loc":{"start":{"line":48,"column":56},"end":{"line":48,"column":67}}},"6":{"name":"(anonymous_6)","line":49,"loc":{"start":{"line":49,"column":76},"end":{"line":49,"column":97}}},"7":{"name":"(anonymous_7)","line":63,"loc":{"start":{"line":63,"column":28},"end":{"line":63,"column":54}}},"8":{"name":"(anonymous_8)","line":68,"loc":{"start":{"line":68,"column":64},"end":{"line":68,"column":75}}},"9":{"name":"(anonymous_9)","line":75,"loc":{"start":{"line":75,"column":29},"end":{"line":75,"column":45}}},"10":{"name":"(anonymous_10)","line":80,"loc":{"start":{"line":80,"column":58},"end":{"line":80,"column":69}}},"11":{"name":"(anonymous_11)","line":83,"loc":{"start":{"line":83,"column":76},"end":{"line":83,"column":97}}},"12":{"name":"(anonymous_12)","line":97,"loc":{"start":{"line":97,"column":29},"end":{"line":97,"column":45}}}},"statementMap":{"1":{"start":{"line":1,"column":0},"end":{"line":1,"column":55}},"2":{"start":{"line":2,"column":0},"end":{"line":2,"column":27}},"3":{"start":{"line":3,"column":0},"end":{"line":3,"column":26}},"4":{"start":{"line":4,"column":0},"end":{"line":4,"column":43}},"5":{"start":{"line":5,"column":0},"end":{"line":5,"column":25}},"6":{"start":{"line":7,"column":0},"end":{"line":7,"column":65}},"7":{"start":{"line":8,"column":0},"end":{"line":8,"column":51}},"8":{"start":{"line":11,"column":0},"end":{"line":101,"column":3}},"9":{"start":{"line":13,"column":2},"end":{"line":16,"column":4}},"10":{"start":{"line":18,"column":2},"end":{"line":18,"column":94}},"11":{"start":{"line":20,"column":2},"end":{"line":20,"column":33}},"12":{"start":{"line":22,"column":2},"end":{"line":22,"column":43}},"13":{"start":{"line":23,"column":2},"end":{"line":23,"column":66}},"14":{"start":{"line":24,"column":2},"end":{"line":24,"column":68}},"15":{"start":{"line":26,"column":2},"end":{"line":26,"column":52}},"16":{"start":{"line":27,"column":2},"end":{"line":27,"column":61}},"17":{"start":{"line":28,"column":2},"end":{"line":28,"column":63}},"18":{"start":{"line":30,"column":2},"end":{"line":30,"column":63}},"19":{"start":{"line":31,"column":2},"end":{"line":31,"column":92}},"20":{"start":{"line":33,"column":2},"end":{"line":33,"column":48}},"21":{"start":{"line":35,"column":2},"end":{"line":38,"column":5}},"22":{"start":{"line":36,"column":4},"end":{"line":36,"column":26}},"23":{"start":{"line":37,"column":4},"end":{"line":37,"column":110}},"24":{"start":{"line":40,"column":2},"end":{"line":46,"column":5}},"25":{"start":{"line":41,"column":4},"end":{"line":43,"column":7}},"26":{"start":{"line":42,"column":6},"end":{"line":42,"column":44}},"27":{"start":{"line":45,"column":4},"end":{"line":45,"column":41}},"28":{"start":{"line":48,"column":2},"end":{"line":66,"column":5}},"29":{"start":{"line":49,"column":4},"end":{"line":54,"column":7}},"30":{"start":{"line":50,"column":6},"end":{"line":50,"column":74}},"31":{"start":{"line":51,"column":6},"end":{"line":51,"column":52}},"32":{"start":{"line":53,"column":6},"end":{"line":53,"column":97}},"33":{"start":{"line":56,"column":4},"end":{"line":56,"column":56}},"34":{"start":{"line":58,"column":4},"end":{"line":61,"column":7}},"35":{"start":{"line":63,"column":4},"end":{"line":65,"column":7}},"36":{"start":{"line":64,"column":6},"end":{"line":64,"column":69}},"37":{"start":{"line":68,"column":2},"end":{"line":78,"column":5}},"38":{"start":{"line":69,"column":4},"end":{"line":69,"column":58}},"39":{"start":{"line":71,"column":4},"end":{"line":73,"column":7}},"40":{"start":{"line":75,"column":4},"end":{"line":77,"column":7}},"41":{"start":{"line":76,"column":6},"end":{"line":76,"column":59}},"42":{"start":{"line":80,"column":2},"end":{"line":100,"column":5}},"43":{"start":{"line":81,"column":4},"end":{"line":81,"column":69}},"44":{"start":{"line":83,"column":4},"end":{"line":88,"column":7}},"45":{"start":{"line":84,"column":6},"end":{"line":84,"column":74}},"46":{"start":{"line":85,"column":6},"end":{"line":85,"column":52}},"47":{"start":{"line":87,"column":6},"end":{"line":87,"column":88}},"48":{"start":{"line":90,"column":4},"end":{"line":90,"column":58}},"49":{"start":{"line":92,"column":4},"end":{"line":95,"column":7}},"50":{"start":{"line":97,"column":4},"end":{"line":99,"column":7}},"51":{"start":{"line":98,"column":6},"end":{"line":98,"column":49}}},"branchMap":{}},"/home/spriadka/FeeedHenry/raincatcher-workflow/lib/client/workflow-client/workflowClient-spec.js":{"path":"/home/spriadka/FeeedHenry/raincatcher-workflow/lib/client/workflow-client/workflowClient-spec.js","s":{"1":1,"2":1,"3":1,"4":1,"5":1,"6":1,"7":1,"8":1,"9":1,"10":1,"11":1,"12":1,"13":1,"14":1,"15":1,"16":1,"17":1,"18":1,"19":1,"20":1,"21":1,"22":1,"23":1,"24":1,"25":1,"26":1,"27":1,"28":1,"29":1,"30":1,"31":1},"b":{},"f":{"1":1,"2":1,"3":1,"4":1,"5":1,"6":1},"fnMap":{"1":{"name":"(anonymous_1)","line":8,"loc":{"start":{"line":8,"column":37},"end":{"line":8,"column":48}}},"2":{"name":"(anonymous_2)","line":44,"loc":{"start":{"line":44,"column":26},"end":{"line":44,"column":37}}},"3":{"name":"(anonymous_3)","line":46,"loc":{"start":{"line":46,"column":72},"end":{"line":46,"column":83}}},"4":{"name":"(anonymous_4)","line":61,"loc":{"start":{"line":61,"column":62},"end":{"line":61,"column":73}}},"5":{"name":"(anonymous_5)","line":84,"loc":{"start":{"line":84,"column":74},"end":{"line":84,"column":85}}},"6":{"name":"(anonymous_6)","line":107,"loc":{"start":{"line":107,"column":59},"end":{"line":107,"column":70}}}},"statementMap":{"1":{"start":{"line":1,"column":0},"end":{"line":1,"column":55}},"2":{"start":{"line":2,"column":0},"end":{"line":2,"column":27}},"3":{"start":{"line":3,"column":0},"end":{"line":3,"column":25}},"4":{"start":{"line":4,"column":0},"end":{"line":4,"column":29}},"5":{"start":{"line":5,"column":0},"end":{"line":5,"column":26}},"6":{"start":{"line":6,"column":0},"end":{"line":6,"column":49}},"7":{"start":{"line":8,"column":0},"end":{"line":144,"column":3}},"8":{"start":{"line":10,"column":2},"end":{"line":10,"column":52}},"9":{"start":{"line":12,"column":2},"end":{"line":36,"column":4}},"10":{"start":{"line":38,"column":2},"end":{"line":41,"column":4}},"11":{"start":{"line":44,"column":2},"end":{"line":142,"column":5}},"12":{"start":{"line":46,"column":4},"end":{"line":59,"column":7}},"13":{"start":{"line":47,"column":6},"end":{"line":49,"column":8}},"14":{"start":{"line":51,"column":6},"end":{"line":51,"column":40}},"15":{"start":{"line":53,"column":6},"end":{"line":53,"column":82}},"16":{"start":{"line":55,"column":6},"end":{"line":58,"column":9}},"17":{"start":{"line":61,"column":4},"end":{"line":82,"column":7}},"18":{"start":{"line":63,"column":6},"end":{"line":72,"column":8}},"19":{"start":{"line":74,"column":6},"end":{"line":74,"column":40}},"20":{"start":{"line":76,"column":6},"end":{"line":76,"column":82}},"21":{"start":{"line":78,"column":6},"end":{"line":81,"column":9}},"22":{"start":{"line":84,"column":4},"end":{"line":105,"column":7}},"23":{"start":{"line":86,"column":6},"end":{"line":95,"column":8}},"24":{"start":{"line":97,"column":6},"end":{"line":97,"column":40}},"25":{"start":{"line":99,"column":6},"end":{"line":99,"column":82}},"26":{"start":{"line":101,"column":6},"end":{"line":104,"column":9}},"27":{"start":{"line":107,"column":4},"end":{"line":140,"column":7}},"28":{"start":{"line":109,"column":6},"end":{"line":130,"column":8}},"29":{"start":{"line":132,"column":6},"end":{"line":132,"column":40}},"30":{"start":{"line":134,"column":6},"end":{"line":134,"column":82}},"31":{"start":{"line":136,"column":6},"end":{"line":139,"column":9}}},"branchMap":{}},"/home/spriadka/FeeedHenry/raincatcher-workflow/lib/cloud/server-spec.js":{"path":"/home/spriadka/FeeedHenry/raincatcher-workflow/lib/cloud/server-spec.js","s":{"1":1,"2":1,"3":1,"4":1,"5":1,"6":1,"7":1,"8":1,"9":1,"10":1,"11":1,"12":1,"13":1,"14":1,"15":1,"16":1,"17":1,"18":1,"19":1,"20":1,"21":1,"22":1,"23":1,"24":1,"25":1,"26":1,"27":1,"28":1,"29":2,"30":1,"31":1,"32":1,"33":1,"34":1,"35":1,"36":1,"37":1,"38":1,"39":3,"40":1,"41":1,"42":1,"43":1,"44":1,"45":1,"46":1,"47":1,"48":1,"49":1,"50":4,"51":1,"52":1,"53":1,"54":1,"55":1,"56":1,"57":1,"58":1,"59":1,"60":1,"61":5,"62":1,"63":1,"64":1,"65":1},"b":{},"f":{"1":1,"2":1,"3":1,"4":1,"5":1,"6":2,"7":1,"8":1,"9":3,"10":1,"11":1,"12":4,"13":1,"14":1,"15":5,"16":1},"fnMap":{"1":{"name":"(anonymous_1)","line":27,"loc":{"start":{"line":27,"column":26},"end":{"line":27,"column":37}}},"2":{"name":"(anonymous_2)","line":31,"loc":{"start":{"line":31,"column":107},"end":{"line":31,"column":118}}},"3":{"name":"(anonymous_3)","line":39,"loc":{"start":{"line":39,"column":49},"end":{"line":39,"column":75}}},"4":{"name":"(anonymous_4)","line":44,"loc":{"start":{"line":44,"column":101},"end":{"line":44,"column":127}}},"5":{"name":"(anonymous_5)","line":54,"loc":{"start":{"line":54,"column":103},"end":{"line":54,"column":114}}},"6":{"name":"(anonymous_6)","line":66,"loc":{"start":{"line":66,"column":47},"end":{"line":66,"column":58}}},"7":{"name":"(anonymous_7)","line":71,"loc":{"start":{"line":71,"column":52},"end":{"line":71,"column":75}}},"8":{"name":"(anonymous_8)","line":80,"loc":{"start":{"line":80,"column":107},"end":{"line":80,"column":118}}},"9":{"name":"(anonymous_9)","line":87,"loc":{"start":{"line":87,"column":49},"end":{"line":87,"column":76}}},"10":{"name":"(anonymous_10)","line":92,"loc":{"start":{"line":92,"column":99},"end":{"line":92,"column":125}}},"11":{"name":"(anonymous_11)","line":100,"loc":{"start":{"line":100,"column":103},"end":{"line":100,"column":114}}},"12":{"name":"(anonymous_12)","line":108,"loc":{"start":{"line":108,"column":47},"end":{"line":108,"column":61}}},"13":{"name":"(anonymous_13)","line":113,"loc":{"start":{"line":113,"column":57},"end":{"line":113,"column":80}}},"14":{"name":"(anonymous_14)","line":121,"loc":{"start":{"line":121,"column":107},"end":{"line":121,"column":118}}},"15":{"name":"(anonymous_15)","line":129,"loc":{"start":{"line":129,"column":49},"end":{"line":129,"column":63}}},"16":{"name":"(anonymous_16)","line":134,"loc":{"start":{"line":134,"column":59},"end":{"line":134,"column":85}}}},"statementMap":{"1":{"start":{"line":1,"column":0},"end":{"line":1,"column":33}},"2":{"start":{"line":2,"column":0},"end":{"line":2,"column":27}},"3":{"start":{"line":3,"column":0},"end":{"line":3,"column":25}},"4":{"start":{"line":4,"column":0},"end":{"line":4,"column":20}},"5":{"start":{"line":5,"column":0},"end":{"line":5,"column":22}},"6":{"start":{"line":6,"column":0},"end":{"line":6,"column":58}},"7":{"start":{"line":8,"column":0},"end":{"line":14,"column":2}},"8":{"start":{"line":15,"column":0},"end":{"line":21,"column":2}},"9":{"start":{"line":22,"column":0},"end":{"line":22,"column":19}},"10":{"start":{"line":27,"column":0},"end":{"line":141,"column":3}},"11":{"start":{"line":28,"column":2},"end":{"line":28,"column":45}},"12":{"start":{"line":31,"column":2},"end":{"line":51,"column":5}},"13":{"start":{"line":32,"column":4},"end":{"line":32,"column":61}},"14":{"start":{"line":33,"column":4},"end":{"line":33,"column":53}},"15":{"start":{"line":34,"column":4},"end":{"line":34,"column":27}},"16":{"start":{"line":36,"column":4},"end":{"line":36,"column":48}},"17":{"start":{"line":39,"column":4},"end":{"line":42,"column":7}},"18":{"start":{"line":41,"column":6},"end":{"line":41,"column":100}},"19":{"start":{"line":44,"column":4},"end":{"line":49,"column":7}},"20":{"start":{"line":45,"column":6},"end":{"line":45,"column":100}},"21":{"start":{"line":46,"column":6},"end":{"line":46,"column":98}},"22":{"start":{"line":47,"column":6},"end":{"line":47,"column":152}},"23":{"start":{"line":48,"column":6},"end":{"line":48,"column":114}},"24":{"start":{"line":54,"column":2},"end":{"line":77,"column":5}},"25":{"start":{"line":55,"column":4},"end":{"line":57,"column":54}},"26":{"start":{"line":59,"column":4},"end":{"line":61,"column":54}},"27":{"start":{"line":63,"column":4},"end":{"line":63,"column":48}},"28":{"start":{"line":66,"column":4},"end":{"line":69,"column":7}},"29":{"start":{"line":68,"column":6},"end":{"line":68,"column":73}},"30":{"start":{"line":71,"column":4},"end":{"line":75,"column":7}},"31":{"start":{"line":72,"column":6},"end":{"line":72,"column":98}},"32":{"start":{"line":73,"column":6},"end":{"line":73,"column":94}},"33":{"start":{"line":74,"column":6},"end":{"line":74,"column":178}},"34":{"start":{"line":80,"column":2},"end":{"line":97,"column":5}},"35":{"start":{"line":81,"column":4},"end":{"line":81,"column":71}},"36":{"start":{"line":82,"column":4},"end":{"line":82,"column":75}},"37":{"start":{"line":84,"column":4},"end":{"line":84,"column":48}},"38":{"start":{"line":87,"column":4},"end":{"line":90,"column":7}},"39":{"start":{"line":89,"column":6},"end":{"line":89,"column":102}},"40":{"start":{"line":92,"column":4},"end":{"line":96,"column":7}},"41":{"start":{"line":93,"column":6},"end":{"line":93,"column":100}},"42":{"start":{"line":94,"column":6},"end":{"line":94,"column":98}},"43":{"start":{"line":95,"column":6},"end":{"line":95,"column":181}},"44":{"start":{"line":100,"column":2},"end":{"line":118,"column":5}},"45":{"start":{"line":101,"column":4},"end":{"line":101,"column":65}},"46":{"start":{"line":102,"column":4},"end":{"line":102,"column":69}},"47":{"start":{"line":103,"column":4},"end":{"line":103,"column":23}},"48":{"start":{"line":105,"column":4},"end":{"line":105,"column":48}},"49":{"start":{"line":108,"column":4},"end":{"line":111,"column":7}},"50":{"start":{"line":110,"column":6},"end":{"line":110,"column":84}},"51":{"start":{"line":113,"column":4},"end":{"line":117,"column":7}},"52":{"start":{"line":114,"column":6},"end":{"line":114,"column":94}},"53":{"start":{"line":115,"column":6},"end":{"line":115,"column":92}},"54":{"start":{"line":116,"column":6},"end":{"line":116,"column":169}},"55":{"start":{"line":121,"column":2},"end":{"line":139,"column":5}},"56":{"start":{"line":122,"column":4},"end":{"line":122,"column":70}},"57":{"start":{"line":123,"column":4},"end":{"line":123,"column":75}},"58":{"start":{"line":124,"column":4},"end":{"line":124,"column":23}},"59":{"start":{"line":126,"column":4},"end":{"line":126,"column":48}},"60":{"start":{"line":129,"column":4},"end":{"line":132,"column":7}},"61":{"start":{"line":131,"column":6},"end":{"line":131,"column":88}},"62":{"start":{"line":134,"column":4},"end":{"line":138,"column":7}},"63":{"start":{"line":135,"column":6},"end":{"line":135,"column":100}},"64":{"start":{"line":136,"column":6},"end":{"line":136,"column":98}},"65":{"start":{"line":137,"column":6},"end":{"line":137,"column":178}}},"branchMap":{}},"/home/spriadka/FeeedHenry/raincatcher-workflow/lib/cloud/index.js":{"path":"/home/spriadka/FeeedHenry/raincatcher-workflow/lib/cloud/index.js","s":{"1":1,"2":1,"3":1,"4":1,"5":5,"6":5,"7":5,"8":5,"9":5,"10":1,"11":1,"12":1,"13":5,"14":2,"15":2,"16":5,"17":3,"18":5,"19":4,"20":5,"21":5},"b":{"1":[2,2]},"f":{"1":5,"2":1,"3":1,"4":2,"5":3,"6":4,"7":5},"fnMap":{"1":{"name":"(anonymous_1)","line":8,"loc":{"start":{"line":8,"column":17},"end":{"line":8,"column":36}}},"2":{"name":"(anonymous_2)","line":21,"loc":{"start":{"line":21,"column":35},"end":{"line":21,"column":87}}},"3":{"name":"(anonymous_3)","line":26,"loc":{"start":{"line":26,"column":12},"end":{"line":26,"column":38}}},"4":{"name":"(anonymous_4)","line":31,"loc":{"start":{"line":31,"column":33},"end":{"line":31,"column":55}}},"5":{"name":"(anonymous_5)","line":36,"loc":{"start":{"line":36,"column":35},"end":{"line":36,"column":62}}},"6":{"name":"(anonymous_6)","line":40,"loc":{"start":{"line":40,"column":33},"end":{"line":40,"column":47}}},"7":{"name":"(anonymous_7)","line":44,"loc":{"start":{"line":44,"column":35},"end":{"line":44,"column":49}}}},"statementMap":{"1":{"start":{"line":3,"column":0},"end":{"line":3,"column":34}},"2":{"start":{"line":4,"column":0},"end":{"line":4,"column":33}},"3":{"start":{"line":6,"column":0},"end":{"line":6,"column":58}},"4":{"start":{"line":8,"column":0},"end":{"line":47,"column":2}},"5":{"start":{"line":10,"column":2},"end":{"line":10,"column":60}},"6":{"start":{"line":11,"column":2},"end":{"line":11,"column":87}},"7":{"start":{"line":14,"column":2},"end":{"line":14,"column":56}},"8":{"start":{"line":15,"column":2},"end":{"line":15,"column":79}},"9":{"start":{"line":21,"column":2},"end":{"line":29,"column":5}},"10":{"start":{"line":23,"column":4},"end":{"line":23,"column":45}},"11":{"start":{"line":25,"column":4},"end":{"line":28,"column":9}},"12":{"start":{"line":27,"column":8},"end":{"line":27,"column":122}},"13":{"start":{"line":31,"column":2},"end":{"line":34,"column":5}},"14":{"start":{"line":32,"column":4},"end":{"line":32,"column":36}},"15":{"start":{"line":33,"column":4},"end":{"line":33,"column":84}},"16":{"start":{"line":36,"column":2},"end":{"line":38,"column":5}},"17":{"start":{"line":37,"column":4},"end":{"line":37,"column":99}},"18":{"start":{"line":40,"column":2},"end":{"line":42,"column":5}},"19":{"start":{"line":41,"column":4},"end":{"line":41,"column":56}},"20":{"start":{"line":44,"column":2},"end":{"line":46,"column":5}},"21":{"start":{"line":45,"column":4},"end":{"line":45,"column":58}}},"branchMap":{"1":{"line":32,"type":"binary-expr","locations":[{"start":{"line":32,"column":18},"end":{"line":32,"column":29}},{"start":{"line":32,"column":33},"end":{"line":32,"column":35}}]}}},"/home/spriadka/FeeedHenry/raincatcher-workflow/lib/config.js":{"path":"/home/spriadka/FeeedHenry/raincatcher-workflow/lib/config.js","s":{"1":1},"b":{},"f":{},"fnMap":{},"statementMap":{"1":{"start":{"line":3,"column":0},"end":{"line":14,"column":2}}},"branchMap":{}},"/home/spriadka/FeeedHenry/raincatcher-workflow/lib/client/mediator-subscribers/begin.js":{"path":"/home/spriadka/FeeedHenry/raincatcher-workflow/lib/client/mediator-subscribers/begin.js","s":{"1":1,"2":1,"3":1,"4":2,"5":2,"6":2,"7":2,"8":2,"9":2,"10":2,"11":2,"12":2,"13":2,"14":2,"15":2,"16":0,"17":0},"b":{"1":[2,1],"2":[2,0]},"f":{"1":2,"2":2,"3":2,"4":2,"5":0},"fnMap":{"1":{"name":"workflowBeginSubscriber","line":12,"loc":{"start":{"line":12,"column":17},"end":{"line":12,"column":91}}},"2":{"name":"handleWorkflowBegin","line":28,"loc":{"start":{"line":28,"column":9},"end":{"line":28,"column":50}}},"3":{"name":"(anonymous_3)","line":31,"loc":{"start":{"line":31,"column":68},"end":{"line":31,"column":95}}},"4":{"name":"(anonymous_4)","line":37,"loc":{"start":{"line":37,"column":26},"end":{"line":37,"column":43}}},"5":{"name":"(anonymous_5)","line":57,"loc":{"start":{"line":57,"column":13},"end":{"line":57,"column":27}}}},"statementMap":{"1":{"start":{"line":1,"column":0},"end":{"line":1,"column":43}},"2":{"start":{"line":2,"column":0},"end":{"line":2,"column":21}},"3":{"start":{"line":12,"column":0},"end":{"line":63,"column":2}},"4":{"start":{"line":28,"column":2},"end":{"line":62,"column":4}},"5":{"start":{"line":29,"column":4},"end":{"line":29,"column":20}},"6":{"start":{"line":31,"column":4},"end":{"line":61,"column":7}},"7":{"start":{"line":32,"column":6},"end":{"line":32,"column":42}},"8":{"start":{"line":33,"column":6},"end":{"line":33,"column":41}},"9":{"start":{"line":34,"column":6},"end":{"line":34,"column":97}},"10":{"start":{"line":37,"column":6},"end":{"line":55,"column":9}},"11":{"start":{"line":39,"column":8},"end":{"line":39,"column":75}},"12":{"start":{"line":41,"column":8},"end":{"line":41,"column":56}},"13":{"start":{"line":42,"column":8},"end":{"line":42,"column":80}},"14":{"start":{"line":45,"column":8},"end":{"line":45,"column":130}},"15":{"start":{"line":48,"column":8},"end":{"line":54,"column":11}},"16":{"start":{"line":58,"column":6},"end":{"line":58,"column":130}},"17":{"start":{"line":60,"column":6},"end":{"line":60,"column":45}}},"branchMap":{"1":{"line":34,"type":"binary-expr","locations":[{"start":{"line":34,"column":19},"end":{"line":34,"column":38}},{"start":{"line":34,"column":42},"end":{"line":34,"column":96}}]},"2":{"line":53,"type":"cond-expr","locations":[{"start":{"line":53,"column":44},"end":{"line":53,"column":80}},{"start":{"line":53,"column":83},"end":{"line":53,"column":100}}]}}},"/home/spriadka/FeeedHenry/raincatcher-workflow/lib/client/mediator-subscribers/complete.js":{"path":"/home/spriadka/FeeedHenry/raincatcher-workflow/lib/client/mediator-subscribers/complete.js","s":{"1":1,"2":1,"3":1,"4":2,"5":2,"6":2,"7":2,"8":2,"9":2,"10":2,"11":2,"12":2,"13":2,"14":1,"15":1,"16":1,"17":1,"18":0,"19":1,"20":1,"21":1,"22":1,"23":1,"24":1,"25":1,"26":0},"b":{"1":[1,1],"2":[0,1],"3":[0,1],"4":[1,0],"5":[1,0]},"f":{"1":2,"2":2,"3":2,"4":2,"5":1,"6":1,"7":0},"fnMap":{"1":{"name":"workflowStepDoneSubscriber","line":11,"loc":{"start":{"line":11,"column":17},"end":{"line":11,"column":94}}},"2":{"name":"handleWorkflowStepDone","line":26,"loc":{"start":{"line":26,"column":9},"end":{"line":26,"column":53}}},"3":{"name":"(anonymous_3)","line":33,"loc":{"start":{"line":33,"column":42},"end":{"line":33,"column":64}}},"4":{"name":"(anonymous_4)","line":34,"loc":{"start":{"line":34,"column":77},"end":{"line":34,"column":104}}},"5":{"name":"(anonymous_5)","line":44,"loc":{"start":{"line":44,"column":42},"end":{"line":44,"column":57}}},"6":{"name":"(anonymous_6)","line":73,"loc":{"start":{"line":73,"column":56},"end":{"line":73,"column":67}}},"7":{"name":"(anonymous_7)","line":85,"loc":{"start":{"line":85,"column":13},"end":{"line":85,"column":27}}}},"statementMap":{"1":{"start":{"line":1,"column":0},"end":{"line":1,"column":43}},"2":{"start":{"line":2,"column":0},"end":{"line":2,"column":26}},"3":{"start":{"line":11,"column":0},"end":{"line":89,"column":2}},"4":{"start":{"line":26,"column":2},"end":{"line":88,"column":4}},"5":{"start":{"line":27,"column":4},"end":{"line":27,"column":20}},"6":{"start":{"line":29,"column":4},"end":{"line":29,"column":131}},"7":{"start":{"line":30,"column":4},"end":{"line":30,"column":129}},"8":{"start":{"line":33,"column":4},"end":{"line":87,"column":7}},"9":{"start":{"line":34,"column":6},"end":{"line":84,"column":9}},"10":{"start":{"line":35,"column":8},"end":{"line":35,"column":44}},"11":{"start":{"line":36,"column":8},"end":{"line":36,"column":43}},"12":{"start":{"line":37,"column":8},"end":{"line":37,"column":41}},"13":{"start":{"line":39,"column":8},"end":{"line":42,"column":9}},"14":{"start":{"line":41,"column":10},"end":{"line":41,"column":199}},"15":{"start":{"line":44,"column":8},"end":{"line":46,"column":11}},"16":{"start":{"line":45,"column":10},"end":{"line":45,"column":51}},"17":{"start":{"line":49,"column":8},"end":{"line":52,"column":9}},"18":{"start":{"line":51,"column":10},"end":{"line":51,"column":185}},"19":{"start":{"line":55,"column":8},"end":{"line":62,"column":10}},"20":{"start":{"line":65,"column":8},"end":{"line":65,"column":54}},"21":{"start":{"line":66,"column":8},"end":{"line":66,"column":51}},"22":{"start":{"line":67,"column":8},"end":{"line":67,"column":80}},"23":{"start":{"line":68,"column":8},"end":{"line":68,"column":95}},"24":{"start":{"line":73,"column":8},"end":{"line":83,"column":11}},"25":{"start":{"line":76,"column":10},"end":{"line":82,"column":13}},"26":{"start":{"line":86,"column":6},"end":{"line":86,"column":45}}},"branchMap":{"1":{"line":39,"type":"if","locations":[{"start":{"line":39,"column":8},"end":{"line":39,"column":8}},{"start":{"line":39,"column":8},"end":{"line":39,"column":8}}]},"2":{"line":49,"type":"if","locations":[{"start":{"line":49,"column":8},"end":{"line":49,"column":8}},{"start":{"line":49,"column":8},"end":{"line":49,"column":8}}]},"3":{"line":58,"type":"cond-expr","locations":[{"start":{"line":58,"column":30},"end":{"line":58,"column":58}},{"start":{"line":58,"column":61},"end":{"line":58,"column":88}}]},"4":{"line":65,"type":"binary-expr","locations":[{"start":{"line":65,"column":29},"end":{"line":65,"column":47}},{"start":{"line":65,"column":51},"end":{"line":65,"column":53}}]},"5":{"line":81,"type":"cond-expr","locations":[{"start":{"line":81,"column":46},"end":{"line":81,"column":82}},{"start":{"line":81,"column":85},"end":{"line":81,"column":102}}]}}},"/home/spriadka/FeeedHenry/raincatcher-workflow/lib/client/mediator-subscribers/create.js":{"path":"/home/spriadka/FeeedHenry/raincatcher-workflow/lib/client/mediator-subscribers/create.js","s":{"1":1,"2":1,"3":1,"4":3,"5":3,"6":3,"7":3,"8":3,"9":3,"10":1,"11":2,"12":1,"13":1},"b":{"1":[3,0],"2":[1,2]},"f":{"1":3,"2":3,"3":1,"4":1},"fnMap":{"1":{"name":"createWorkflowSubscriber","line":11,"loc":{"start":{"line":11,"column":17},"end":{"line":11,"column":89}}},"2":{"name":"handleCreateWorkflowTopic","line":22,"loc":{"start":{"line":22,"column":9},"end":{"line":22,"column":56}}},"3":{"name":"(anonymous_3)","line":35,"loc":{"start":{"line":35,"column":10},"end":{"line":35,"column":36}}},"4":{"name":"(anonymous_4)","line":37,"loc":{"start":{"line":37,"column":13},"end":{"line":37,"column":29}}}},"statementMap":{"1":{"start":{"line":1,"column":0},"end":{"line":1,"column":26}},"2":{"start":{"line":2,"column":0},"end":{"line":2,"column":43}},"3":{"start":{"line":11,"column":0},"end":{"line":41,"column":2}},"4":{"start":{"line":22,"column":2},"end":{"line":40,"column":4}},"5":{"start":{"line":23,"column":4},"end":{"line":23,"column":20}},"6":{"start":{"line":24,"column":4},"end":{"line":24,"column":34}},"7":{"start":{"line":25,"column":4},"end":{"line":25,"column":135}},"8":{"start":{"line":27,"column":4},"end":{"line":27,"column":55}},"9":{"start":{"line":30,"column":4},"end":{"line":32,"column":5}},"10":{"start":{"line":31,"column":6},"end":{"line":31,"column":110}},"11":{"start":{"line":34,"column":4},"end":{"line":39,"column":7}},"12":{"start":{"line":36,"column":6},"end":{"line":36,"column":145}},"13":{"start":{"line":38,"column":6},"end":{"line":38,"column":61}}},"branchMap":{"1":{"line":24,"type":"binary-expr","locations":[{"start":{"line":24,"column":17},"end":{"line":24,"column":27}},{"start":{"line":24,"column":31},"end":{"line":24,"column":33}}]},"2":{"line":30,"type":"if","locations":[{"start":{"line":30,"column":4},"end":{"line":30,"column":4}},{"start":{"line":30,"column":4},"end":{"line":30,"column":4}}]}}},"/home/spriadka/FeeedHenry/raincatcher-workflow/lib/client/mediator-subscribers/list.js":{"path":"/home/spriadka/FeeedHenry/raincatcher-workflow/lib/client/mediator-subscribers/list.js","s":{"1":1,"2":1,"3":2,"4":2,"5":2,"6":2,"7":2,"8":2,"9":1,"10":1},"b":{"1":[2,0]},"f":{"1":2,"2":2,"3":1,"4":1},"fnMap":{"1":{"name":"listWorkflowSubscriber","line":9,"loc":{"start":{"line":9,"column":17},"end":{"line":9,"column":87}}},"2":{"name":"handleListWorkflowsTopic","line":19,"loc":{"start":{"line":19,"column":9},"end":{"line":19,"column":55}}},"3":{"name":"(anonymous_3)","line":27,"loc":{"start":{"line":27,"column":10},"end":{"line":27,"column":37}}},"4":{"name":"(anonymous_4)","line":29,"loc":{"start":{"line":29,"column":13},"end":{"line":29,"column":29}}}},"statementMap":{"1":{"start":{"line":1,"column":0},"end":{"line":1,"column":43}},"2":{"start":{"line":9,"column":0},"end":{"line":33,"column":2}},"3":{"start":{"line":19,"column":2},"end":{"line":32,"column":4}},"4":{"start":{"line":20,"column":4},"end":{"line":20,"column":20}},"5":{"start":{"line":21,"column":4},"end":{"line":21,"column":34}},"6":{"start":{"line":22,"column":4},"end":{"line":22,"column":131}},"7":{"start":{"line":24,"column":4},"end":{"line":24,"column":129}},"8":{"start":{"line":26,"column":4},"end":{"line":31,"column":7}},"9":{"start":{"line":28,"column":6},"end":{"line":28,"column":69}},"10":{"start":{"line":30,"column":6},"end":{"line":30,"column":59}}},"branchMap":{"1":{"line":21,"type":"binary-expr","locations":[{"start":{"line":21,"column":17},"end":{"line":21,"column":27}},{"start":{"line":21,"column":31},"end":{"line":21,"column":33}}]}}},"/home/spriadka/FeeedHenry/raincatcher-workflow/lib/client/mediator-subscribers/remove.js":{"path":"/home/spriadka/FeeedHenry/raincatcher-workflow/lib/client/mediator-subscribers/remove.js","s":{"1":1,"2":1,"3":3,"4":3,"5":3,"6":3,"7":3,"8":3,"9":1,"10":2,"11":1,"12":1},"b":{"1":[3,0],"2":[1,2]},"f":{"1":3,"2":3,"3":1,"4":1},"fnMap":{"1":{"name":"removeWorkflowSubscriber","line":9,"loc":{"start":{"line":9,"column":17},"end":{"line":9,"column":89}}},"2":{"name":"handleRemoveWorkflow","line":21,"loc":{"start":{"line":21,"column":9},"end":{"line":21,"column":51}}},"3":{"name":"(anonymous_3)","line":36,"loc":{"start":{"line":36,"column":10},"end":{"line":36,"column":21}}},"4":{"name":"(anonymous_4)","line":38,"loc":{"start":{"line":38,"column":13},"end":{"line":38,"column":29}}}},"statementMap":{"1":{"start":{"line":1,"column":0},"end":{"line":1,"column":43}},"2":{"start":{"line":9,"column":0},"end":{"line":42,"column":2}},"3":{"start":{"line":21,"column":2},"end":{"line":41,"column":4}},"4":{"start":{"line":22,"column":4},"end":{"line":22,"column":20}},"5":{"start":{"line":23,"column":4},"end":{"line":23,"column":34}},"6":{"start":{"line":24,"column":4},"end":{"line":24,"column":135}},"7":{"start":{"line":26,"column":4},"end":{"line":26,"column":133}},"8":{"start":{"line":29,"column":4},"end":{"line":31,"column":5}},"9":{"start":{"line":30,"column":6},"end":{"line":30,"column":115}},"10":{"start":{"line":33,"column":4},"end":{"line":40,"column":7}},"11":{"start":{"line":37,"column":6},"end":{"line":37,"column":53}},"12":{"start":{"line":39,"column":6},"end":{"line":39,"column":61}}},"branchMap":{"1":{"line":23,"type":"binary-expr","locations":[{"start":{"line":23,"column":17},"end":{"line":23,"column":27}},{"start":{"line":23,"column":31},"end":{"line":23,"column":33}}]},"2":{"line":29,"type":"if","locations":[{"start":{"line":29,"column":4},"end":{"line":29,"column":4}},{"start":{"line":29,"column":4},"end":{"line":29,"column":4}}]}}},"/home/spriadka/FeeedHenry/raincatcher-workflow/lib/client/mediator-subscribers/summary.js":{"path":"/home/spriadka/FeeedHenry/raincatcher-workflow/lib/client/mediator-subscribers/summary.js","s":{"1":1,"2":1,"3":1,"4":1,"5":1,"6":1,"7":1,"8":1,"9":1,"10":1,"11":0,"12":0},"b":{},"f":{"1":1,"2":1,"3":1,"4":0},"fnMap":{"1":{"name":"workflowSummarySubscriber","line":11,"loc":{"start":{"line":11,"column":17},"end":{"line":11,"column":93}}},"2":{"name":"handleWorkflowSummary","line":27,"loc":{"start":{"line":27,"column":9},"end":{"line":27,"column":52}}},"3":{"name":"(anonymous_3)","line":30,"loc":{"start":{"line":30,"column":68},"end":{"line":30,"column":95}}},"4":{"name":"(anonymous_4)","line":45,"loc":{"start":{"line":45,"column":13},"end":{"line":45,"column":27}}}},"statementMap":{"1":{"start":{"line":1,"column":0},"end":{"line":1,"column":43}},"2":{"start":{"line":11,"column":0},"end":{"line":51,"column":2}},"3":{"start":{"line":27,"column":2},"end":{"line":50,"column":4}},"4":{"start":{"line":28,"column":4},"end":{"line":28,"column":20}},"5":{"start":{"line":30,"column":4},"end":{"line":49,"column":7}},"6":{"start":{"line":31,"column":6},"end":{"line":31,"column":42}},"7":{"start":{"line":32,"column":6},"end":{"line":32,"column":41}},"8":{"start":{"line":33,"column":6},"end":{"line":33,"column":39}},"9":{"start":{"line":35,"column":6},"end":{"line":35,"column":130}},"10":{"start":{"line":38,"column":6},"end":{"line":44,"column":9}},"11":{"start":{"line":46,"column":6},"end":{"line":46,"column":132}},"12":{"start":{"line":48,"column":6},"end":{"line":48,"column":45}}},"branchMap":{}},"/home/spriadka/FeeedHenry/raincatcher-workflow/lib/client/mediator-subscribers/update.js":{"path":"/home/spriadka/FeeedHenry/raincatcher-workflow/lib/client/mediator-subscribers/update.js","s":{"1":1,"2":1,"3":1,"4":3,"5":3,"6":3,"7":3,"8":3,"9":3,"10":3,"11":1,"12":2,"13":1,"14":1},"b":{"1":[3,0],"2":[1,2]},"f":{"1":3,"2":3,"3":1,"4":1},"fnMap":{"1":{"name":"updateWorkflowSubscriber","line":10,"loc":{"start":{"line":10,"column":17},"end":{"line":10,"column":89}}},"2":{"name":"handleUpdateTopic","line":21,"loc":{"start":{"line":21,"column":9},"end":{"line":21,"column":48}}},"3":{"name":"(anonymous_3)","line":36,"loc":{"start":{"line":36,"column":10},"end":{"line":36,"column":36}}},"4":{"name":"(anonymous_4)","line":38,"loc":{"start":{"line":38,"column":13},"end":{"line":38,"column":29}}}},"statementMap":{"1":{"start":{"line":1,"column":0},"end":{"line":1,"column":43}},"2":{"start":{"line":2,"column":0},"end":{"line":2,"column":26}},"3":{"start":{"line":10,"column":0},"end":{"line":42,"column":2}},"4":{"start":{"line":21,"column":2},"end":{"line":41,"column":4}},"5":{"start":{"line":22,"column":4},"end":{"line":22,"column":20}},"6":{"start":{"line":23,"column":4},"end":{"line":23,"column":34}},"7":{"start":{"line":24,"column":4},"end":{"line":24,"column":135}},"8":{"start":{"line":26,"column":4},"end":{"line":26,"column":133}},"9":{"start":{"line":28,"column":4},"end":{"line":28,"column":55}},"10":{"start":{"line":31,"column":4},"end":{"line":33,"column":5}},"11":{"start":{"line":32,"column":6},"end":{"line":32,"column":110}},"12":{"start":{"line":35,"column":4},"end":{"line":40,"column":7}},"13":{"start":{"line":37,"column":6},"end":{"line":37,"column":70}},"14":{"start":{"line":39,"column":6},"end":{"line":39,"column":61}}},"branchMap":{"1":{"line":23,"type":"binary-expr","locations":[{"start":{"line":23,"column":17},"end":{"line":23,"column":27}},{"start":{"line":23,"column":31},"end":{"line":23,"column":33}}]},"2":{"line":31,"type":"if","locations":[{"start":{"line":31,"column":4},"end":{"line":31,"column":4}},{"start":{"line":31,"column":4},"end":{"line":31,"column":4}}]}}}}