TN:
SF:/home/spriadka/FeeedHenry/raincatcher-workflow/lib/client/mediator-subscribers/begin-spec.js
FN:35,(anonymous_1)
FN:50,getMockResults
FN:62,createSubscribers
FN:64,(anonymous_4)
FN:70,(anonymous_5)
FN:77,(anonymous_6)
FN:89,(anonymous_7)
FN:97,(anonymous_8)
FN:102,(anonymous_9)
FN:103,(anonymous_10)
FN:110,(anonymous_11)
FN:120,(anonymous_12)
FN:129,(anonymous_13)
FN:138,(anonymous_14)
FNF:14
FNH:14
FNDA:1,(anonymous_1)
FNDA:2,getMockResults
FNDA:2,createSubscribers
FNDA:2,(anonymous_4)
FNDA:2,(anonymous_5)
FNDA:1,(anonymous_6)
FNDA:2,(anonymous_7)
FNDA:2,(anonymous_8)
FNDA:2,(anonymous_9)
FNDA:8,(anonymous_10)
FNDA:1,(anonymous_11)
FNDA:1,(anonymous_12)
FNDA:1,(anonymous_13)
FNDA:1,(anonymous_14)
DA:1,1
DA:2,1
DA:3,1
DA:4,1
DA:5,1
DA:6,1
DA:7,1
DA:9,1
DA:11,1
DA:13,1
DA:15,1
DA:16,1
DA:18,1
DA:19,1
DA:21,1
DA:22,1
DA:25,1
DA:26,1
DA:28,1
DA:29,1
DA:31,1
DA:32,1
DA:35,1
DA:37,1
DA:39,1
DA:41,1
DA:43,1
DA:50,1
DA:51,2
DA:53,2
DA:54,1
DA:57,2
DA:60,1
DA:62,1
DA:64,2
DA:66,2
DA:70,2
DA:71,2
DA:72,2
DA:74,2
DA:77,2
DA:79,1
DA:80,0
DA:83,1
DA:84,1
DA:86,1
DA:89,2
DA:90,2
DA:91,2
DA:93,2
DA:97,1
DA:98,2
DA:99,2
DA:102,1
DA:103,2
DA:104,8
DA:107,2
DA:110,1
DA:112,1
DA:114,1
DA:116,1
DA:120,1
DA:121,1
DA:122,1
DA:123,1
DA:124,1
DA:125,1
DA:129,1
DA:130,1
DA:132,1
DA:134,1
DA:138,1
DA:139,1
DA:140,1
DA:141,1
DA:142,1
DA:143,1
LF:77
LH:76
BRDA:53,1,0,1
BRDA:53,1,1,1
BRDA:79,2,0,0
BRDA:79,2,1,1
BRF:4
BRH:3
end_of_record
TN:
SF:/home/spriadka/FeeedHenry/raincatcher-workflow/lib/constants.js
FNF:0
FNH:0
DA:1,1
LF:1
LH:1
BRF:0
BRH:0
end_of_record
TN:
SF:/home/spriadka/FeeedHenry/raincatcher-workflow/lib/client/workflow-client/index.js
FN:14,(anonymous_1)
FNF:1
FNH:1
FNDA:8,(anonymous_1)
DA:1,1
DA:2,1
DA:14,1
DA:17,8
DA:18,1
DA:21,8
LF:6
LH:6
BRDA:17,1,0,1
BRDA:17,1,1,7
BRF:2
BRH:2
end_of_record
TN:
SF:/home/spriadka/FeeedHenry/raincatcher-workflow/lib/client/workflow-client/workflowClient.js
FN:19,getTopicPromises
FN:22,(anonymous_2)
FN:26,(anonymous_3)
FN:41,WorkflowMediatorService
FN:75,getErrorAndDoneTopicPromises
FN:84,(anonymous_6)
FN:98,listResults
FN:112,createResult
FN:130,updateResult
FN:151,checkStatus
FN:176,stepReview
FN:182,(anonymous_12)
FN:207,(anonymous_13)
FN:210,(anonymous_14)
FN:212,(anonymous_15)
FN:227,getResultByWorkorderId
FN:228,(anonymous_17)
FN:229,(anonymous_18)
FN:241,createNewResult
FN:251,listWorkflows
FN:265,listWorkorders
FN:280,readWorkorder
FN:298,readWorkflow
FN:314,updateWorkflow
FN:333,createWorkflow
FN:353,removeWorkorder
FN:372,readUserProfile
FNF:27
FNH:25
FNDA:29,getTopicPromises
FNDA:24,(anonymous_2)
FNDA:9,(anonymous_3)
FNDA:2,WorkflowMediatorService
FNDA:29,getErrorAndDoneTopicPromises
FNDA:0,(anonymous_6)
FNDA:5,listResults
FNDA:1,createResult
FNDA:1,updateResult
FNDA:4,checkStatus
FNDA:12,stepReview
FNDA:21,(anonymous_12)
FNDA:5,(anonymous_13)
FNDA:5,(anonymous_14)
FNDA:5,(anonymous_15)
FNDA:5,getResultByWorkorderId
FNDA:5,(anonymous_17)
FNDA:3,(anonymous_18)
FNDA:1,createNewResult
FNDA:2,listWorkflows
FNDA:0,listWorkorders
FNDA:5,readWorkorder
FNDA:7,readWorkflow
FNDA:2,updateWorkflow
FNDA:2,createWorkflow
FNDA:2,removeWorkorder
FNDA:2,readUserProfile
DA:1,1
DA:2,1
DA:3,1
DA:4,1
DA:5,1
DA:19,1
DA:20,29
DA:22,29
DA:23,24
DA:26,29
DA:27,9
DA:30,29
DA:41,1
DA:42,2
DA:43,2
DA:45,2
DA:49,2
DA:54,2
DA:58,2
DA:75,1
DA:76,29
DA:77,29
DA:79,29
DA:80,29
DA:82,29
DA:84,29
DA:85,0
DA:89,29
DA:98,1
DA:99,5
DA:101,5
DA:103,5
DA:112,1
DA:113,1
DA:114,1
DA:116,1
DA:121,1
DA:130,1
DA:131,1
DA:132,1
DA:134,1
DA:139,1
DA:151,1
DA:152,4
DA:153,4
DA:154,4
DA:155,2
DA:156,2
DA:157,0
DA:158,2
DA:159,0
DA:161,2
DA:163,4
DA:176,1
DA:177,12
DA:178,12
DA:181,12
DA:182,12
DA:184,21
DA:187,12
DA:188,5
DA:189,5
DA:192,12
DA:207,1
DA:208,5
DA:210,5
DA:211,5
DA:213,5
DA:214,5
DA:216,5
DA:227,1
DA:228,5
DA:229,5
DA:230,3
DA:241,1
DA:242,1
DA:251,1
DA:252,2
DA:254,2
DA:256,2
DA:265,1
DA:266,0
DA:268,0
DA:270,0
DA:280,1
DA:281,5
DA:283,5
DA:288,5
DA:298,1
DA:299,7
DA:301,7
DA:303,7
DA:314,1
DA:315,2
DA:317,2
DA:322,2
DA:333,1
DA:334,2
DA:335,2
DA:337,2
DA:342,2
DA:353,1
DA:355,2
DA:357,2
DA:362,2
DA:372,1
DA:373,2
DA:375,2
DA:377,2
DA:380,1
LF:110
LH:104
BRDA:43,1,0,2
BRDA:43,1,1,2
BRDA:86,2,0,29
BRDA:86,2,1,29
BRDA:154,3,0,2
BRDA:154,3,1,2
BRDA:154,4,0,4
BRDA:154,4,1,3
BRDA:156,5,0,0
BRDA:156,5,1,2
BRDA:158,6,0,0
BRDA:158,6,1,2
BRDA:181,7,0,12
BRDA:181,7,1,0
BRDA:181,8,0,12
BRDA:181,8,1,12
BRDA:181,8,2,12
BRDA:184,9,0,21
BRDA:184,9,1,15
BRDA:187,10,0,5
BRDA:187,10,1,7
BRDA:229,11,0,5
BRDA:229,11,1,2
BRDA:229,12,0,5
BRDA:229,12,1,0
BRF:25
BRH:21
end_of_record
TN:
SF:/home/spriadka/FeeedHenry/raincatcher-workflow/lib/client/mediator-subscribers/complete-spec.js
FN:40,(anonymous_1)
FN:51,getMockResults
FN:68,createSubscribers
FN:70,(anonymous_4)
FN:75,(anonymous_5)
FN:80,(anonymous_6)
FN:88,(anonymous_7)
FN:95,(anonymous_8)
FN:103,(anonymous_9)
FN:108,(anonymous_10)
FN:109,(anonymous_11)
FN:116,(anonymous_12)
FN:127,(anonymous_13)
FN:133,(anonymous_14)
FN:160,(anonymous_15)
FNF:15
FNH:15
FNDA:1,(anonymous_1)
FNDA:2,getMockResults
FNDA:2,createSubscribers
FNDA:2,(anonymous_4)
FNDA:2,(anonymous_5)
FNDA:1,(anonymous_6)
FNDA:2,(anonymous_7)
FNDA:2,(anonymous_8)
FNDA:2,(anonymous_9)
FNDA:2,(anonymous_10)
FNDA:10,(anonymous_11)
FNDA:1,(anonymous_12)
FNDA:1,(anonymous_13)
FNDA:1,(anonymous_14)
FNDA:1,(anonymous_15)
DA:1,1
DA:2,1
DA:3,1
DA:4,1
DA:5,1
DA:6,1
DA:7,1
DA:9,1
DA:11,1
DA:13,1
DA:14,1
DA:16,1
DA:17,1
DA:19,1
DA:20,1
DA:22,1
DA:23,1
DA:24,1
DA:26,1
DA:27,1
DA:29,1
DA:30,1
DA:33,1
DA:34,1
DA:36,1
DA:37,1
DA:40,1
DA:42,1
DA:44,1
DA:46,1
DA:47,1
DA:49,1
DA:51,1
DA:52,2
DA:54,2
DA:55,1
DA:58,2
DA:61,1
DA:66,1
DA:68,1
DA:70,2
DA:72,2
DA:75,2
DA:77,2
DA:80,2
DA:81,1
DA:82,1
DA:84,1
DA:88,2
DA:89,2
DA:90,2
DA:92,2
DA:95,2
DA:96,2
DA:97,2
DA:99,2
DA:103,1
DA:104,2
DA:105,2
DA:108,1
DA:109,2
DA:110,10
DA:113,2
DA:116,1
DA:117,1
DA:119,1
DA:121,1
DA:127,1
DA:128,1
DA:129,1
DA:133,1
DA:135,1
DA:136,1
DA:139,1
DA:147,1
DA:148,1
DA:150,1
DA:152,1
DA:154,1
DA:160,1
DA:161,1
DA:162,1
DA:165,1
DA:167,1
DA:171,1
DA:174,1
DA:175,1
LF:87
LH:87
BRDA:54,1,0,1
BRDA:54,1,1,1
BRF:2
BRH:2
end_of_record
TN:
SF:/home/spriadka/FeeedHenry/raincatcher-workflow/lib/client/mediator-subscribers/create-spec.js
FN:11,(anonymous_1)
FN:34,(anonymous_2)
FN:39,(anonymous_3)
FN:40,(anonymous_4)
FN:47,(anonymous_5)
FN:48,(anonymous_6)
FN:62,(anonymous_7)
FN:67,(anonymous_8)
FN:74,(anonymous_9)
FN:79,(anonymous_10)
FN:81,(anonymous_11)
FN:95,(anonymous_12)
FNF:12
FNH:12
FNDA:1,(anonymous_1)
FNDA:3,(anonymous_2)
FNDA:3,(anonymous_3)
FNDA:2,(anonymous_4)
FNDA:1,(anonymous_5)
FNDA:1,(anonymous_6)
FNDA:1,(anonymous_7)
FNDA:1,(anonymous_8)
FNDA:1,(anonymous_9)
FNDA:1,(anonymous_10)
FNDA:1,(anonymous_11)
FNDA:1,(anonymous_12)
DA:1,1
DA:2,1
DA:3,1
DA:4,1
DA:5,1
DA:7,1
DA:9,1
DA:11,1
DA:13,1
DA:17,1
DA:19,1
DA:21,1
DA:22,1
DA:23,1
DA:25,1
DA:26,1
DA:27,1
DA:29,1
DA:30,1
DA:32,1
DA:34,1
DA:35,3
DA:36,3
DA:39,1
DA:40,3
DA:41,2
DA:44,3
DA:47,1
DA:48,1
DA:49,1
DA:50,1
DA:52,1
DA:55,1
DA:57,1
DA:62,1
DA:63,1
DA:67,1
DA:68,1
DA:70,1
DA:74,1
DA:75,1
DA:79,1
DA:80,1
DA:81,1
DA:82,1
DA:83,1
DA:85,1
DA:88,1
DA:90,1
DA:95,1
DA:96,1
LF:51
LH:51
BRF:0
BRH:0
end_of_record
TN:
SF:/home/spriadka/FeeedHenry/raincatcher-workflow/lib/client/mediator-subscribers/list-spec.js
FN:10,(anonymous_1)
FN:32,(anonymous_2)
FN:37,(anonymous_3)
FN:38,(anonymous_4)
FN:45,(anonymous_5)
FN:46,(anonymous_6)
FN:54,(anonymous_7)
FN:59,(anonymous_8)
FN:61,(anonymous_9)
FN:69,(anonymous_10)
FNF:10
FNH:10
FNDA:1,(anonymous_1)
FNDA:2,(anonymous_2)
FNDA:2,(anonymous_3)
FNDA:2,(anonymous_4)
FNDA:1,(anonymous_5)
FNDA:1,(anonymous_6)
FNDA:1,(anonymous_7)
FNDA:1,(anonymous_8)
FNDA:1,(anonymous_9)
FNDA:1,(anonymous_10)
DA:1,1
DA:2,1
DA:3,1
DA:4,1
DA:5,1
DA:7,1
DA:8,1
DA:10,1
DA:12,1
DA:17,1
DA:19,1
DA:20,1
DA:21,1
DA:23,1
DA:24,1
DA:25,1
DA:27,1
DA:28,1
DA:30,1
DA:32,1
DA:33,2
DA:34,2
DA:37,1
DA:38,2
DA:39,2
DA:42,2
DA:45,1
DA:46,1
DA:47,1
DA:50,1
DA:52,1
DA:54,1
DA:55,1
DA:59,1
DA:60,1
DA:61,1
DA:62,1
DA:65,1
DA:67,1
DA:69,1
DA:70,1
LF:41
LH:41
BRF:0
BRH:0
end_of_record
TN:
SF:/home/spriadka/FeeedHenry/raincatcher-workflow/lib/client/mediator-subscribers/read-spec.js
FN:10,(anonymous_1)
FN:32,(anonymous_2)
FN:37,(anonymous_3)
FN:38,(anonymous_4)
FN:45,(anonymous_5)
FN:46,(anonymous_6)
FN:57,(anonymous_7)
FN:62,(anonymous_8)
FN:67,(anonymous_9)
FN:72,(anonymous_10)
FN:74,(anonymous_11)
FN:85,(anonymous_12)
FNF:12
FNH:12
FNDA:1,(anonymous_1)
FNDA:3,(anonymous_2)
FNDA:3,(anonymous_3)
FNDA:2,(anonymous_4)
FNDA:1,(anonymous_5)
FNDA:1,(anonymous_6)
FNDA:1,(anonymous_7)
FNDA:1,(anonymous_8)
FNDA:1,(anonymous_9)
FNDA:1,(anonymous_10)
FNDA:1,(anonymous_11)
FNDA:1,(anonymous_12)
DA:1,1
DA:2,1
DA:3,1
DA:4,1
DA:5,1
DA:7,1
DA:8,1
DA:10,1
DA:12,1
DA:17,1
DA:18,1
DA:19,1
DA:21,1
DA:22,1
DA:23,1
DA:25,1
DA:26,1
DA:28,1
DA:30,1
DA:32,1
DA:33,3
DA:34,3
DA:37,1
DA:38,3
DA:39,2
DA:42,3
DA:45,1
DA:46,1
DA:47,1
DA:48,1
DA:50,1
DA:53,1
DA:55,1
DA:57,1
DA:58,1
DA:62,1
DA:63,1
DA:65,1
DA:67,1
DA:68,1
DA:72,1
DA:73,1
DA:74,1
DA:75,1
DA:76,1
DA:78,1
DA:81,1
DA:83,1
DA:85,1
DA:86,1
LF:50
LH:50
BRF:0
BRH:0
end_of_record
TN:
SF:/home/spriadka/FeeedHenry/raincatcher-workflow/lib/client/mediator-subscribers/read.js
FN:9,readWorkflowSubscriber
FN:21,handleReadWorkflowsTopic
FN:35,(anonymous_3)
FN:37,(anonymous_4)
FNF:4
FNH:4
FNDA:1,readWorkflowSubscriber
FNDA:3,handleReadWorkflowsTopic
FNDA:1,(anonymous_3)
FNDA:1,(anonymous_4)
DA:1,1
DA:9,1
DA:21,1
DA:22,3
DA:23,3
DA:25,3
DA:27,3
DA:30,3
DA:31,1
DA:34,2
DA:36,1
DA:38,1
LF:12
LH:12
BRDA:23,1,0,3
BRDA:23,1,1,0
BRDA:30,2,0,1
BRDA:30,2,1,2
BRF:4
BRH:3
end_of_record
TN:
SF:/home/spriadka/FeeedHenry/raincatcher-workflow/lib/client/mediator-subscribers/remove-spec.js
FN:10,(anonymous_1)
FN:30,(anonymous_2)
FN:35,(anonymous_3)
FN:36,(anonymous_4)
FN:43,(anonymous_5)
FN:44,(anonymous_6)
FN:58,(anonymous_7)
FN:63,(anonymous_8)
FN:68,(anonymous_9)
FN:70,(anonymous_10)
FN:81,(anonymous_11)
FNF:11
FNH:11
FNDA:1,(anonymous_1)
FNDA:3,(anonymous_2)
FNDA:3,(anonymous_3)
FNDA:2,(anonymous_4)
FNDA:1,(anonymous_5)
FNDA:1,(anonymous_6)
FNDA:1,(anonymous_7)
FNDA:1,(anonymous_8)
FNDA:1,(anonymous_9)
FNDA:1,(anonymous_10)
FNDA:1,(anonymous_11)
DA:1,1
DA:2,1
DA:3,1
DA:4,1
DA:5,1
DA:7,1
DA:8,1
DA:10,1
DA:12,1
DA:17,1
DA:18,1
DA:19,1
DA:21,1
DA:22,1
DA:23,1
DA:25,1
DA:26,1
DA:28,1
DA:30,1
DA:31,3
DA:32,3
DA:35,1
DA:36,3
DA:37,2
DA:40,3
DA:43,1
DA:44,1
DA:45,1
DA:46,1
DA:48,1
DA:51,1
DA:53,1
DA:55,1
DA:58,1
DA:59,1
DA:61,1
DA:63,1
DA:64,1
DA:68,1
DA:69,1
DA:70,1
DA:71,1
DA:72,1
DA:74,1
DA:77,1
DA:79,1
DA:81,1
DA:82,1
LF:48
LH:48
BRF:0
BRH:0
end_of_record
TN:
SF:/home/spriadka/FeeedHenry/raincatcher-workflow/lib/client/mediator-subscribers/summary-spec.js
FN:35,(anonymous_1)
FN:50,getMockResults
FN:62,createSubscribers
FN:64,(anonymous_4)
FN:70,(anonymous_5)
FN:77,(anonymous_6)
FN:89,(anonymous_7)
FN:97,(anonymous_8)
FN:102,(anonymous_9)
FN:103,(anonymous_10)
FN:110,(anonymous_11)
FN:120,(anonymous_12)
FNF:12
FNH:11
FNDA:1,(anonymous_1)
FNDA:1,getMockResults
FNDA:1,createSubscribers
FNDA:1,(anonymous_4)
FNDA:1,(anonymous_5)
FNDA:0,(anonymous_6)
FNDA:1,(anonymous_7)
FNDA:1,(anonymous_8)
FNDA:1,(anonymous_9)
FNDA:4,(anonymous_10)
FNDA:1,(anonymous_11)
FNDA:1,(anonymous_12)
DA:1,1
DA:2,1
DA:3,1
DA:4,1
DA:5,1
DA:6,1
DA:7,1
DA:9,1
DA:11,1
DA:13,1
DA:15,1
DA:16,1
DA:18,1
DA:19,1
DA:21,1
DA:22,1
DA:25,1
DA:26,1
DA:28,1
DA:29,1
DA:31,1
DA:32,1
DA:35,1
DA:37,1
DA:39,1
DA:41,1
DA:43,1
DA:50,1
DA:51,1
DA:53,1
DA:54,1
DA:57,1
DA:60,1
DA:62,1
DA:64,1
DA:66,1
DA:70,1
DA:71,1
DA:72,1
DA:74,1
DA:77,1
DA:79,0
DA:80,0
DA:83,0
DA:84,0
DA:86,0
DA:89,1
DA:90,1
DA:91,1
DA:93,1
DA:97,1
DA:98,1
DA:99,1
DA:102,1
DA:103,1
DA:104,4
DA:107,1
DA:110,1
DA:112,1
DA:114,1
DA:116,1
DA:120,1
DA:121,1
DA:122,1
DA:123,1
DA:124,1
DA:125,1
LF:67
LH:62
BRDA:53,1,0,1
BRDA:53,1,1,0
BRDA:79,2,0,0
BRDA:79,2,1,0
BRF:4
BRH:1
end_of_record
TN:
SF:/home/spriadka/FeeedHenry/raincatcher-workflow/lib/client/mediator-subscribers/update-spec.js
FN:11,(anonymous_1)
FN:35,(anonymous_2)
FN:40,(anonymous_3)
FN:41,(anonymous_4)
FN:48,(anonymous_5)
FN:49,(anonymous_6)
FN:63,(anonymous_7)
FN:68,(anonymous_8)
FN:75,(anonymous_9)
FN:80,(anonymous_10)
FN:83,(anonymous_11)
FN:97,(anonymous_12)
FNF:12
FNH:12
FNDA:1,(anonymous_1)
FNDA:3,(anonymous_2)
FNDA:3,(anonymous_3)
FNDA:2,(anonymous_4)
FNDA:1,(anonymous_5)
FNDA:1,(anonymous_6)
FNDA:1,(anonymous_7)
FNDA:1,(anonymous_8)
FNDA:1,(anonymous_9)
FNDA:1,(anonymous_10)
FNDA:1,(anonymous_11)
FNDA:1,(anonymous_12)
DA:1,1
DA:2,1
DA:3,1
DA:4,1
DA:5,1
DA:7,1
DA:8,1
DA:11,1
DA:13,1
DA:18,1
DA:20,1
DA:22,1
DA:23,1
DA:24,1
DA:26,1
DA:27,1
DA:28,1
DA:30,1
DA:31,1
DA:33,1
DA:35,1
DA:36,3
DA:37,3
DA:40,1
DA:41,3
DA:42,2
DA:45,3
DA:48,1
DA:49,1
DA:50,1
DA:51,1
DA:53,1
DA:56,1
DA:58,1
DA:63,1
DA:64,1
DA:68,1
DA:69,1
DA:71,1
DA:75,1
DA:76,1
DA:80,1
DA:81,1
DA:83,1
DA:84,1
DA:85,1
DA:87,1
DA:90,1
DA:92,1
DA:97,1
DA:98,1
LF:51
LH:51
BRF:0
BRH:0
end_of_record
TN:
SF:/home/spriadka/FeeedHenry/raincatcher-workflow/lib/client/workflow-client/workflowClient-spec.js
FN:8,(anonymous_1)
FN:44,(anonymous_2)
FN:46,(anonymous_3)
FN:61,(anonymous_4)
FN:84,(anonymous_5)
FN:107,(anonymous_6)
FNF:6
FNH:6
FNDA:1,(anonymous_1)
FNDA:1,(anonymous_2)
FNDA:1,(anonymous_3)
FNDA:1,(anonymous_4)
FNDA:1,(anonymous_5)
FNDA:1,(anonymous_6)
DA:1,1
DA:2,1
DA:3,1
DA:4,1
DA:5,1
DA:6,1
DA:8,1
DA:10,1
DA:12,1
DA:38,1
DA:44,1
DA:46,1
DA:47,1
DA:51,1
DA:53,1
DA:55,1
DA:61,1
DA:63,1
DA:74,1
DA:76,1
DA:78,1
DA:84,1
DA:86,1
DA:97,1
DA:99,1
DA:101,1
DA:107,1
DA:109,1
DA:132,1
DA:134,1
DA:136,1
LF:31
LH:31
BRF:0
BRH:0
end_of_record
TN:
SF:/home/spriadka/FeeedHenry/raincatcher-workflow/lib/cloud/server-spec.js
FN:27,(anonymous_1)
FN:31,(anonymous_2)
FN:39,(anonymous_3)
FN:44,(anonymous_4)
FN:54,(anonymous_5)
FN:66,(anonymous_6)
FN:71,(anonymous_7)
FN:80,(anonymous_8)
FN:87,(anonymous_9)
FN:92,(anonymous_10)
FN:100,(anonymous_11)
FN:108,(anonymous_12)
FN:113,(anonymous_13)
FN:121,(anonymous_14)
FN:129,(anonymous_15)
FN:134,(anonymous_16)
FNF:16
FNH:16
FNDA:1,(anonymous_1)
FNDA:1,(anonymous_2)
FNDA:1,(anonymous_3)
FNDA:1,(anonymous_4)
FNDA:1,(anonymous_5)
FNDA:2,(anonymous_6)
FNDA:1,(anonymous_7)
FNDA:1,(anonymous_8)
FNDA:3,(anonymous_9)
FNDA:1,(anonymous_10)
FNDA:1,(anonymous_11)
FNDA:4,(anonymous_12)
FNDA:1,(anonymous_13)
FNDA:1,(anonymous_14)
FNDA:5,(anonymous_15)
FNDA:1,(anonymous_16)
DA:1,1
DA:2,1
DA:3,1
DA:4,1
DA:5,1
DA:6,1
DA:8,1
DA:15,1
DA:22,1
DA:27,1
DA:28,1
DA:31,1
DA:32,1
DA:33,1
DA:34,1
DA:36,1
DA:39,1
DA:41,1
DA:44,1
DA:45,1
DA:46,1
DA:47,1
DA:48,1
DA:54,1
DA:55,1
DA:59,1
DA:63,1
DA:66,1
DA:68,2
DA:71,1
DA:72,1
DA:73,1
DA:74,1
DA:80,1
DA:81,1
DA:82,1
DA:84,1
DA:87,1
DA:89,3
DA:92,1
DA:93,1
DA:94,1
DA:95,1
DA:100,1
DA:101,1
DA:102,1
DA:103,1
DA:105,1
DA:108,1
DA:110,4
DA:113,1
DA:114,1
DA:115,1
DA:116,1
DA:121,1
DA:122,1
DA:123,1
DA:124,1
DA:126,1
DA:129,1
DA:131,5
DA:134,1
DA:135,1
DA:136,1
DA:137,1
LF:65
LH:65
BRF:0
BRH:0
end_of_record
TN:
SF:/home/spriadka/FeeedHenry/raincatcher-workflow/lib/cloud/index.js
FN:8,(anonymous_1)
FN:21,(anonymous_2)
FN:26,(anonymous_3)
FN:31,(anonymous_4)
FN:36,(anonymous_5)
FN:40,(anonymous_6)
FN:44,(anonymous_7)
FNF:7
FNH:7
FNDA:5,(anonymous_1)
FNDA:1,(anonymous_2)
FNDA:1,(anonymous_3)
FNDA:2,(anonymous_4)
FNDA:3,(anonymous_5)
FNDA:4,(anonymous_6)
FNDA:5,(anonymous_7)
DA:3,1
DA:4,1
DA:6,1
DA:8,1
DA:10,5
DA:11,5
DA:14,5
DA:15,5
DA:21,5
DA:23,1
DA:25,1
DA:27,1
DA:31,5
DA:32,2
DA:33,2
DA:36,5
DA:37,3
DA:40,5
DA:41,4
DA:44,5
DA:45,5
LF:21
LH:21
BRDA:32,1,0,2
BRDA:32,1,1,2
BRF:2
BRH:2
end_of_record
TN:
SF:/home/spriadka/FeeedHenry/raincatcher-workflow/lib/config.js
FNF:0
FNH:0
DA:3,1
LF:1
LH:1
BRF:0
BRH:0
end_of_record
TN:
SF:/home/spriadka/FeeedHenry/raincatcher-workflow/lib/client/mediator-subscribers/begin.js
FN:12,workflowBeginSubscriber
FN:28,handleWorkflowBegin
FN:31,(anonymous_3)
FN:37,(anonymous_4)
FN:57,(anonymous_5)
FNF:5
FNH:4
FNDA:2,workflowBeginSubscriber
FNDA:2,handleWorkflowBegin
FNDA:2,(anonymous_3)
FNDA:2,(anonymous_4)
FNDA:0,(anonymous_5)
DA:1,1
DA:2,1
DA:12,1
DA:28,2
DA:29,2
DA:31,2
DA:32,2
DA:33,2
DA:34,2
DA:37,2
DA:39,2
DA:41,2
DA:42,2
DA:45,2
DA:48,2
DA:58,0
DA:60,0
LF:17
LH:15
BRDA:34,1,0,2
BRDA:34,1,1,1
BRDA:53,2,0,2
BRDA:53,2,1,0
BRF:4
BRH:3
end_of_record
TN:
SF:/home/spriadka/FeeedHenry/raincatcher-workflow/lib/client/mediator-subscribers/complete.js
FN:11,workflowStepDoneSubscriber
FN:26,handleWorkflowStepDone
FN:33,(anonymous_3)
FN:34,(anonymous_4)
FN:44,(anonymous_5)
FN:73,(anonymous_6)
FN:85,(anonymous_7)
FNF:7
FNH:6
FNDA:2,workflowStepDoneSubscriber
FNDA:2,handleWorkflowStepDone
FNDA:2,(anonymous_3)
FNDA:2,(anonymous_4)
FNDA:1,(anonymous_5)
FNDA:1,(anonymous_6)
FNDA:0,(anonymous_7)
DA:1,1
DA:2,1
DA:11,1
DA:26,2
DA:27,2
DA:29,2
DA:30,2
DA:33,2
DA:34,2
DA:35,2
DA:36,2
DA:37,2
DA:39,2
DA:41,1
DA:44,1
DA:45,1
DA:49,1
DA:51,0
DA:55,1
DA:65,1
DA:66,1
DA:67,1
DA:68,1
DA:73,1
DA:76,1
DA:86,0
LF:26
LH:24
BRDA:39,1,0,1
BRDA:39,1,1,1
BRDA:49,2,0,0
BRDA:49,2,1,1
BRDA:58,3,0,0
BRDA:58,3,1,1
BRDA:65,4,0,1
BRDA:65,4,1,0
BRDA:81,5,0,1
BRDA:81,5,1,0
BRF:10
BRH:6
end_of_record
TN:
SF:/home/spriadka/FeeedHenry/raincatcher-workflow/lib/client/mediator-subscribers/create.js
FN:11,createWorkflowSubscriber
FN:22,handleCreateWorkflowTopic
FN:35,(anonymous_3)
FN:37,(anonymous_4)
FNF:4
FNH:4
FNDA:3,createWorkflowSubscriber
FNDA:3,handleCreateWorkflowTopic
FNDA:1,(anonymous_3)
FNDA:1,(anonymous_4)
DA:1,1
DA:2,1
DA:11,1
DA:22,3
DA:23,3
DA:24,3
DA:25,3
DA:27,3
DA:30,3
DA:31,1
DA:34,2
DA:36,1
DA:38,1
LF:13
LH:13
BRDA:24,1,0,3
BRDA:24,1,1,0
BRDA:30,2,0,1
BRDA:30,2,1,2
BRF:4
BRH:3
end_of_record
TN:
SF:/home/spriadka/FeeedHenry/raincatcher-workflow/lib/client/mediator-subscribers/list.js
FN:9,listWorkflowSubscriber
FN:19,handleListWorkflowsTopic
FN:27,(anonymous_3)
FN:29,(anonymous_4)
FNF:4
FNH:4
FNDA:2,listWorkflowSubscriber
FNDA:2,handleListWorkflowsTopic
FNDA:1,(anonymous_3)
FNDA:1,(anonymous_4)
DA:1,1
DA:9,1
DA:19,2
DA:20,2
DA:21,2
DA:22,2
DA:24,2
DA:26,2
DA:28,1
DA:30,1
LF:10
LH:10
BRDA:21,1,0,2
BRDA:21,1,1,0
BRF:2
BRH:1
end_of_record
TN:
SF:/home/spriadka/FeeedHenry/raincatcher-workflow/lib/client/mediator-subscribers/remove.js
FN:9,removeWorkflowSubscriber
FN:21,handleRemoveWorkflow
FN:36,(anonymous_3)
FN:38,(anonymous_4)
FNF:4
FNH:4
FNDA:3,removeWorkflowSubscriber
FNDA:3,handleRemoveWorkflow
FNDA:1,(anonymous_3)
FNDA:1,(anonymous_4)
DA:1,1
DA:9,1
DA:21,3
DA:22,3
DA:23,3
DA:24,3
DA:26,3
DA:29,3
DA:30,1
DA:33,2
DA:37,1
DA:39,1
LF:12
LH:12
BRDA:23,1,0,3
BRDA:23,1,1,0
BRDA:29,2,0,1
BRDA:29,2,1,2
BRF:4
BRH:3
end_of_record
TN:
SF:/home/spriadka/FeeedHenry/raincatcher-workflow/lib/client/mediator-subscribers/summary.js
FN:11,workflowSummarySubscriber
FN:27,handleWorkflowSummary
FN:30,(anonymous_3)
FN:45,(anonymous_4)
FNF:4
FNH:3
FNDA:1,workflowSummarySubscriber
FNDA:1,handleWorkflowSummary
FNDA:1,(anonymous_3)
FNDA:0,(anonymous_4)
DA:1,1
DA:11,1
DA:27,1
DA:28,1
DA:30,1
DA:31,1
DA:32,1
DA:33,1
DA:35,1
DA:38,1
DA:46,0
DA:48,0
LF:12
LH:10
BRF:0
BRH:0
end_of_record
TN:
SF:/home/spriadka/FeeedHenry/raincatcher-workflow/lib/client/mediator-subscribers/update.js
FN:10,updateWorkflowSubscriber
FN:21,handleUpdateTopic
FN:36,(anonymous_3)
FN:38,(anonymous_4)
FNF:4
FNH:4
FNDA:3,updateWorkflowSubscriber
FNDA:3,handleUpdateTopic
FNDA:1,(anonymous_3)
FNDA:1,(anonymous_4)
DA:1,1
DA:2,1
DA:10,1
DA:21,3
DA:22,3
DA:23,3
DA:24,3
DA:26,3
DA:28,3
DA:31,3
DA:32,1
DA:35,2
DA:37,1
DA:39,1
LF:14
LH:14
BRDA:23,1,0,3
BRDA:23,1,1,0
BRDA:31,2,0,1
BRDA:31,2,1,2
BRF:4
BRH:3
end_of_record
